This is pdfTeX, Version 3.14159265-2.6-1.40.16 (TeX Live 2015/Debian) (preloaded format=pdflatex 2016.8.30)  11 DEC 2016 15:03
entering extended mode
 restricted \write18 enabled.
 %&-line parsing enabled.
**assignment.tex
(./assignment.tex
LaTeX2e <2016/02/01>
Babel <3.9q> and hyphenation patterns for 3 language(s) loaded.
(/usr/share/texlive/texmf-dist/tex/latex/base/article.cls
Document Class: article 2014/09/29 v1.4h Standard LaTeX document class
(/usr/share/texlive/texmf-dist/tex/latex/base/size10.clo
File: size10.clo 2014/09/29 v1.4h Standard LaTeX file (size option)
)
\c@part=\count79
\c@section=\count80
\c@subsection=\count81
\c@subsubsection=\count82
\c@paragraph=\count83
\c@subparagraph=\count84
\c@figure=\count85
\c@table=\count86
\abovecaptionskip=\skip41
\belowcaptionskip=\skip42
\bibindent=\dimen102
)
(/usr/share/texlive/texmf-dist/tex/latex/fancyhdr/fancyhdr.sty
\fancy@headwidth=\skip43
\f@ncyO@elh=\skip44
\f@ncyO@erh=\skip45
\f@ncyO@olh=\skip46
\f@ncyO@orh=\skip47
\f@ncyO@elf=\skip48
\f@ncyO@erf=\skip49
\f@ncyO@olf=\skip50
\f@ncyO@orf=\skip51
)
(/home/paul/texmf/tex/latex/lastpage/lastpage.sty
Package: lastpage 2015/03/29 v1.2m Refers to last page's name (HMM; JPG)
)
(/usr/share/texlive/texmf-dist/tex/latex/fancyhdr/extramarks.sty
\@temptokenb=\toks14
)
(/usr/share/texlive/texmf-dist/tex/latex/graphics/color.sty
Package: color 2016/01/03 v1.1b Standard LaTeX Color (DPC)

(/usr/share/texlive/texmf-dist/tex/latex/latexconfig/color.cfg
File: color.cfg 2007/01/18 v1.5 color configuration of teTeX/TeXLive
)
Package color Info: Driver file: pdftex.def on input line 143.

(/usr/share/texlive/texmf-dist/tex/latex/pdftex-def/pdftex.def
File: pdftex.def 2011/05/27 v0.06d Graphics/color for pdfTeX

(/usr/share/texlive/texmf-dist/tex/generic/oberdiek/infwarerr.sty
Package: infwarerr 2010/04/08 v1.3 Providing info/warning/error messages (HO)
)
(/usr/share/texlive/texmf-dist/tex/generic/oberdiek/ltxcmds.sty
Package: ltxcmds 2011/11/09 v1.22 LaTeX kernel commands for general use (HO)
)
\Gread@gobject=\count87
)
(/usr/share/texlive/texmf-dist/tex/latex/graphics/dvipsnam.def
File: dvipsnam.def 2015/12/30 v3.0k Driver-dependent file (DPC,SPQR)
))
(/usr/share/texlive/texmf-dist/tex/latex/graphics/graphicx.sty
Package: graphicx 2014/10/28 v1.0g Enhanced LaTeX Graphics (DPC,SPQR)

(/usr/share/texlive/texmf-dist/tex/latex/graphics/keyval.sty
Package: keyval 2014/10/28 v1.15 key=value parser (DPC)
\KV@toks@=\toks15
)
(/usr/share/texlive/texmf-dist/tex/latex/graphics/graphics.sty
Package: graphics 2016/01/03 v1.0q Standard LaTeX Graphics (DPC,SPQR)

(/usr/share/texlive/texmf-dist/tex/latex/graphics/trig.sty
Package: trig 2016/01/03 v1.10 sin cos tan (DPC)
)
(/usr/share/texlive/texmf-dist/tex/latex/latexconfig/graphics.cfg
File: graphics.cfg 2010/04/23 v1.9 graphics configuration of TeX Live
)
Package graphics Info: Driver file: pdftex.def on input line 95.
)
\Gin@req@height=\dimen103
\Gin@req@width=\dimen104
)
(/usr/share/texlive/texmf-dist/tex/latex/listings/listings.sty
\lst@mode=\count88
\lst@gtempboxa=\box26
\lst@token=\toks16
\lst@length=\count89
\lst@currlwidth=\dimen105
\lst@column=\count90
\lst@pos=\count91
\lst@lostspace=\dimen106
\lst@width=\dimen107
\lst@newlines=\count92
\lst@lineno=\count93
\lst@maxwidth=\dimen108

(/usr/share/texlive/texmf-dist/tex/latex/listings/lstmisc.sty
File: lstmisc.sty 2015/06/04 1.6 (Carsten Heinz)
\c@lstnumber=\count94
\lst@skipnumbers=\count95
\lst@framebox=\box27
)
(/usr/share/texlive/texmf-dist/tex/latex/listings/listings.cfg
File: listings.cfg 2015/06/04 1.6 listings configuration
))
Package: listings 2015/06/04 1.6 (Carsten Heinz)

(/usr/share/texlive/texmf-dist/tex/latex/psnfss/courier.sty
Package: courier 2005/04/12 PSNFSS-v9.2a (WaS) 
)
(/usr/share/texlive/texmf-dist/tex/latex/hyperref/hyperref.sty
Package: hyperref 2012/11/06 v6.83m Hypertext links for LaTeX

(/usr/share/texlive/texmf-dist/tex/generic/oberdiek/hobsub-hyperref.sty
Package: hobsub-hyperref 2012/05/28 v1.13 Bundle oberdiek, subset hyperref (HO)


(/usr/share/texlive/texmf-dist/tex/generic/oberdiek/hobsub-generic.sty
Package: hobsub-generic 2012/05/28 v1.13 Bundle oberdiek, subset generic (HO)
Package: hobsub 2012/05/28 v1.13 Construct package bundles (HO)
Package hobsub Info: Skipping package `infwarerr' (already loaded).
Package hobsub Info: Skipping package `ltxcmds' (already loaded).
Package: ifluatex 2010/03/01 v1.3 Provides the ifluatex switch (HO)
Package ifluatex Info: LuaTeX not detected.
Package: ifvtex 2010/03/01 v1.5 Detect VTeX and its facilities (HO)
Package ifvtex Info: VTeX not detected.
Package: intcalc 2007/09/27 v1.1 Expandable calculations with integers (HO)
Package: ifpdf 2011/01/30 v2.3 Provides the ifpdf switch (HO)
Package ifpdf Info: pdfTeX in PDF mode is detected.
Package: etexcmds 2011/02/16 v1.5 Avoid name clashes with e-TeX commands (HO)
Package etexcmds Info: Could not find \expanded.
(etexcmds)             That can mean that you are not using pdfTeX 1.50 or
(etexcmds)             that some package has redefined \expanded.
(etexcmds)             In the latter case, load this package earlier.
Package: kvsetkeys 2012/04/25 v1.16 Key value parser (HO)
Package: kvdefinekeys 2011/04/07 v1.3 Define keys (HO)
Package: pdftexcmds 2011/11/29 v0.20 Utility functions of pdfTeX for LuaTeX (HO
)
Package pdftexcmds Info: LuaTeX not detected.
Package pdftexcmds Info: \pdf@primitive is available.
Package pdftexcmds Info: \pdf@ifprimitive is available.
Package pdftexcmds Info: \pdfdraftmode found.
Package: pdfescape 2011/11/25 v1.13 Implements pdfTeX's escape features (HO)
Package: bigintcalc 2012/04/08 v1.3 Expandable calculations on big integers (HO
)
Package: bitset 2011/01/30 v1.1 Handle bit-vector datatype (HO)
Package: uniquecounter 2011/01/30 v1.2 Provide unlimited unique counter (HO)
)
Package hobsub Info: Skipping package `hobsub' (already loaded).
Package: letltxmacro 2010/09/02 v1.4 Let assignment for LaTeX macros (HO)
Package: hopatch 2012/05/28 v1.2 Wrapper for package hooks (HO)
Package: xcolor-patch 2011/01/30 xcolor patch
Package: atveryend 2011/06/30 v1.8 Hooks at the very end of document (HO)
Package atveryend Info: \enddocument detected (standard20110627).
Package: atbegshi 2011/10/05 v1.16 At begin shipout hook (HO)
Package: refcount 2011/10/16 v3.4 Data extraction from label references (HO)
Package: hycolor 2011/01/30 v1.7 Color options for hyperref/bookmark (HO)
)
(/usr/share/texlive/texmf-dist/tex/generic/ifxetex/ifxetex.sty
Package: ifxetex 2010/09/12 v0.6 Provides ifxetex conditional
)
(/usr/share/texlive/texmf-dist/tex/latex/oberdiek/auxhook.sty
Package: auxhook 2011/03/04 v1.3 Hooks for auxiliary files (HO)
)
(/usr/share/texlive/texmf-dist/tex/latex/oberdiek/kvoptions.sty
Package: kvoptions 2011/06/30 v3.11 Key value format for package options (HO)
)
\@linkdim=\dimen109
\Hy@linkcounter=\count96
\Hy@pagecounter=\count97

(/usr/share/texlive/texmf-dist/tex/latex/hyperref/pd1enc.def
File: pd1enc.def 2012/11/06 v6.83m Hyperref: PDFDocEncoding definition (HO)
)
\Hy@SavedSpaceFactor=\count98

(/usr/share/texlive/texmf-dist/tex/latex/latexconfig/hyperref.cfg
File: hyperref.cfg 2002/06/06 v1.2 hyperref configuration of TeXLive
)
Package hyperref Info: Hyper figures OFF on input line 4443.
Package hyperref Info: Link nesting OFF on input line 4448.
Package hyperref Info: Hyper index ON on input line 4451.
Package hyperref Info: Plain pages OFF on input line 4458.
Package hyperref Info: Backreferencing OFF on input line 4463.
Package hyperref Info: Implicit mode ON; LaTeX internals redefined.
Package hyperref Info: Bookmarks ON on input line 4688.
\c@Hy@tempcnt=\count99

(/usr/share/texlive/texmf-dist/tex/latex/url/url.sty
\Urlmuskip=\muskip10
Package: url 2013/09/16  ver 3.4  Verb mode for urls, etc.
)
LaTeX Info: Redefining \url on input line 5041.
\XeTeXLinkMargin=\dimen110
\Fld@menulength=\count100
\Field@Width=\dimen111
\Fld@charsize=\dimen112
Package hyperref Info: Hyper figures OFF on input line 6295.
Package hyperref Info: Link nesting OFF on input line 6300.
Package hyperref Info: Hyper index ON on input line 6303.
Package hyperref Info: backreferencing OFF on input line 6310.
Package hyperref Info: Link coloring OFF on input line 6315.
Package hyperref Info: Link coloring with OCG OFF on input line 6320.
Package hyperref Info: PDF/A mode OFF on input line 6325.
LaTeX Info: Redefining \ref on input line 6365.
LaTeX Info: Redefining \pageref on input line 6369.
\Hy@abspage=\count101
\c@Item=\count102
\c@Hfootnote=\count103
)

Package hyperref Message: Driver (autodetected): hpdftex.

(/usr/share/texlive/texmf-dist/tex/latex/hyperref/hpdftex.def
File: hpdftex.def 2012/11/06 v6.83m Hyperref driver for pdfTeX
\Fld@listcount=\count104
\c@bookmark@seq@number=\count105

(/usr/share/texlive/texmf-dist/tex/latex/oberdiek/rerunfilecheck.sty
Package: rerunfilecheck 2011/04/15 v1.7 Rerun checks for auxiliary files (HO)
Package uniquecounter Info: New unique counter `rerunfilecheck' on input line 2
82.
)
\Hy@SectionHShift=\skip52
)
(/home/paul/texmf/tex/latex/amsmath/amsmath.sty
Package: amsmath 2016/06/28 v2.15d AMS math features
\@mathmargin=\skip53

For additional information on amsmath, use the `?' option.
(/home/paul/texmf/tex/latex/amsmath/amstext.sty
Package: amstext 2000/06/29 v2.01 AMS text

(/home/paul/texmf/tex/latex/amsmath/amsgen.sty
File: amsgen.sty 1999/11/30 v2.0 generic functions
\@emptytoks=\toks17
\ex@=\dimen113
))
(/home/paul/texmf/tex/latex/amsmath/amsbsy.sty
Package: amsbsy 1999/11/29 v1.2d Bold Symbols
\pmbraise@=\dimen114
)
(/home/paul/texmf/tex/latex/amsmath/amsopn.sty
Package: amsopn 2016/03/08 v2.02 operator names
)
\inf@bad=\count106
LaTeX Info: Redefining \frac on input line 199.
\uproot@=\count107
\leftroot@=\count108
LaTeX Info: Redefining \overline on input line 297.
\classnum@=\count109
\DOTSCASE@=\count110
LaTeX Info: Redefining \ldots on input line 394.
LaTeX Info: Redefining \dots on input line 397.
LaTeX Info: Redefining \cdots on input line 518.
\Mathstrutbox@=\box28
\strutbox@=\box29
\big@size=\dimen115
LaTeX Font Info:    Redeclaring font encoding OML on input line 634.
LaTeX Font Info:    Redeclaring font encoding OMS on input line 635.
\macc@depth=\count111
\c@MaxMatrixCols=\count112
\dotsspace@=\muskip11
\c@parentequation=\count113
\dspbrk@lvl=\count114
\tag@help=\toks18
\row@=\count115
\column@=\count116
\maxfields@=\count117
\andhelp@=\toks19
\eqnshift@=\dimen116
\alignsep@=\dimen117
\tagshift@=\dimen118
\tagwidth@=\dimen119
\totwidth@=\dimen120
\lineht@=\dimen121
\@envbody=\toks20
\multlinegap=\skip54
\multlinetaggap=\skip55
\mathdisplay@stack=\toks21
LaTeX Info: Redefining \[ on input line 2739.
LaTeX Info: Redefining \] on input line 2740.
)
(/usr/share/texlive/texmf-dist/tex/latex/tools/bm.sty
Package: bm 2014/10/28 v1.1c Bold Symbol Support (DPC/FMi)
\symboldoperators=\mathgroup4
\symboldletters=\mathgroup5
\symboldsymbols=\mathgroup6
LaTeX Font Info:    Redeclaring math alphabet \mathbf on input line 141.
LaTeX Info: Redefining \bm on input line 207.
)
(/usr/share/texlive/texmf-dist/tex/latex/jknapltx/mathrsfs.sty
Package: mathrsfs 1996/01/01 Math RSFS package v1.0 (jk)
\symrsfs=\mathgroup7
)
(/usr/share/texlive/texmf-dist/tex/latex/float/float.sty
Package: float 2001/11/08 v1.3d Float enhancements (AL)
\c@float@type=\count118
\float@exts=\toks22
\float@box=\box30
\@float@everytoks=\toks23
\@floatcapt=\box31
)
(/home/paul/texmf/tex/latex/enumitem/enumitem.sty
Package: enumitem 2011/09/28 v3.5.2 Customized lists
\labelindent=\skip56
\enit@outerparindent=\dimen122
\enit@toks=\toks24
\enit@inbox=\box32
\enitdp@description=\count119
)
(/usr/share/texlive/texmf-dist/tex/generic/babel/babel.sty
Package: babel 2016/02/24 3.9q The Babel package

(/usr/share/texlive/texmf-dist/tex/generic/babel-english/english.ldf
Language: english 2012/08/20 v3.3p English support from the babel system

(/usr/share/texlive/texmf-dist/tex/generic/babel/babel.def
File: babel.def 2016/02/24 3.9q Babel common definitions
\babel@savecnt=\count120
\U@D=\dimen123
)
\l@british = a dialect from \language\l@english 
\l@UKenglish = a dialect from \language\l@english 
\l@canadian = a dialect from \language\l@american 
\l@australian = a dialect from \language\l@british 
\l@newzealand = a dialect from \language\l@british 
))
(/usr/share/texlive/texmf-dist/tex/latex/base/inputenc.sty
Package: inputenc 2015/03/17 v1.2c Input encoding file
\inpenc@prehook=\toks25
\inpenc@posthook=\toks26

(/usr/share/texlive/texmf-dist/tex/latex/base/utf8.def
File: utf8.def 2015/12/03 v1.1r UTF-8 support for inputenc
Now handling font encoding OML ...
... no UTF-8 mapping file for font encoding OML
Now handling font encoding T1 ...
... processing UTF-8 mapping file for font encoding T1

(/usr/share/texlive/texmf-dist/tex/latex/base/t1enc.dfu
File: t1enc.dfu 2015/12/03 v1.1r UTF-8 support for inputenc
   defining Unicode char U+00A0 (decimal 160)
   defining Unicode char U+00A1 (decimal 161)
   defining Unicode char U+00A3 (decimal 163)
   defining Unicode char U+00AB (decimal 171)
   defining Unicode char U+00AD (decimal 173)
   defining Unicode char U+00BB (decimal 187)
   defining Unicode char U+00BF (decimal 191)
   defining Unicode char U+00C0 (decimal 192)
   defining Unicode char U+00C1 (decimal 193)
   defining Unicode char U+00C2 (decimal 194)
   defining Unicode char U+00C3 (decimal 195)
   defining Unicode char U+00C4 (decimal 196)
   defining Unicode char U+00C5 (decimal 197)
   defining Unicode char U+00C6 (decimal 198)
   defining Unicode char U+00C7 (decimal 199)
   defining Unicode char U+00C8 (decimal 200)
   defining Unicode char U+00C9 (decimal 201)
   defining Unicode char U+00CA (decimal 202)
   defining Unicode char U+00CB (decimal 203)
   defining Unicode char U+00CC (decimal 204)
   defining Unicode char U+00CD (decimal 205)
   defining Unicode char U+00CE (decimal 206)
   defining Unicode char U+00CF (decimal 207)
   defining Unicode char U+00D0 (decimal 208)
   defining Unicode char U+00D1 (decimal 209)
   defining Unicode char U+00D2 (decimal 210)
   defining Unicode char U+00D3 (decimal 211)
   defining Unicode char U+00D4 (decimal 212)
   defining Unicode char U+00D5 (decimal 213)
   defining Unicode char U+00D6 (decimal 214)
   defining Unicode char U+00D8 (decimal 216)
   defining Unicode char U+00D9 (decimal 217)
   defining Unicode char U+00DA (decimal 218)
   defining Unicode char U+00DB (decimal 219)
   defining Unicode char U+00DC (decimal 220)
   defining Unicode char U+00DD (decimal 221)
   defining Unicode char U+00DE (decimal 222)
   defining Unicode char U+00DF (decimal 223)
   defining Unicode char U+00E0 (decimal 224)
   defining Unicode char U+00E1 (decimal 225)
   defining Unicode char U+00E2 (decimal 226)
   defining Unicode char U+00E3 (decimal 227)
   defining Unicode char U+00E4 (decimal 228)
   defining Unicode char U+00E5 (decimal 229)
   defining Unicode char U+00E6 (decimal 230)
   defining Unicode char U+00E7 (decimal 231)
   defining Unicode char U+00E8 (decimal 232)
   defining Unicode char U+00E9 (decimal 233)
   defining Unicode char U+00EA (decimal 234)
   defining Unicode char U+00EB (decimal 235)
   defining Unicode char U+00EC (decimal 236)
   defining Unicode char U+00ED (decimal 237)
   defining Unicode char U+00EE (decimal 238)
   defining Unicode char U+00EF (decimal 239)
   defining Unicode char U+00F0 (decimal 240)
   defining Unicode char U+00F1 (decimal 241)
   defining Unicode char U+00F2 (decimal 242)
   defining Unicode char U+00F3 (decimal 243)
   defining Unicode char U+00F4 (decimal 244)
   defining Unicode char U+00F5 (decimal 245)
   defining Unicode char U+00F6 (decimal 246)
   defining Unicode char U+00F8 (decimal 248)
   defining Unicode char U+00F9 (decimal 249)
   defining Unicode char U+00FA (decimal 250)
   defining Unicode char U+00FB (decimal 251)
   defining Unicode char U+00FC (decimal 252)
   defining Unicode char U+00FD (decimal 253)
   defining Unicode char U+00FE (decimal 254)
   defining Unicode char U+00FF (decimal 255)
   defining Unicode char U+0100 (decimal 256)
   defining Unicode char U+0101 (decimal 257)
   defining Unicode char U+0102 (decimal 258)
   defining Unicode char U+0103 (decimal 259)
   defining Unicode char U+0104 (decimal 260)
   defining Unicode char U+0105 (decimal 261)
   defining Unicode char U+0106 (decimal 262)
   defining Unicode char U+0107 (decimal 263)
   defining Unicode char U+0108 (decimal 264)
   defining Unicode char U+0109 (decimal 265)
   defining Unicode char U+010A (decimal 266)
   defining Unicode char U+010B (decimal 267)
   defining Unicode char U+010C (decimal 268)
   defining Unicode char U+010D (decimal 269)
   defining Unicode char U+010E (decimal 270)
   defining Unicode char U+010F (decimal 271)
   defining Unicode char U+0110 (decimal 272)
   defining Unicode char U+0111 (decimal 273)
   defining Unicode char U+0112 (decimal 274)
   defining Unicode char U+0113 (decimal 275)
   defining Unicode char U+0114 (decimal 276)
   defining Unicode char U+0115 (decimal 277)
   defining Unicode char U+0116 (decimal 278)
   defining Unicode char U+0117 (decimal 279)
   defining Unicode char U+0118 (decimal 280)
   defining Unicode char U+0119 (decimal 281)
   defining Unicode char U+011A (decimal 282)
   defining Unicode char U+011B (decimal 283)
   defining Unicode char U+011C (decimal 284)
   defining Unicode char U+011D (decimal 285)
   defining Unicode char U+011E (decimal 286)
   defining Unicode char U+011F (decimal 287)
   defining Unicode char U+0120 (decimal 288)
   defining Unicode char U+0121 (decimal 289)
   defining Unicode char U+0122 (decimal 290)
   defining Unicode char U+0123 (decimal 291)
   defining Unicode char U+0124 (decimal 292)
   defining Unicode char U+0125 (decimal 293)
   defining Unicode char U+0128 (decimal 296)
   defining Unicode char U+0129 (decimal 297)
   defining Unicode char U+012A (decimal 298)
   defining Unicode char U+012B (decimal 299)
   defining Unicode char U+012C (decimal 300)
   defining Unicode char U+012D (decimal 301)
   defining Unicode char U+012E (decimal 302)
   defining Unicode char U+012F (decimal 303)
   defining Unicode char U+0130 (decimal 304)
   defining Unicode char U+0131 (decimal 305)
   defining Unicode char U+0132 (decimal 306)
   defining Unicode char U+0133 (decimal 307)
   defining Unicode char U+0134 (decimal 308)
   defining Unicode char U+0135 (decimal 309)
   defining Unicode char U+0136 (decimal 310)
   defining Unicode char U+0137 (decimal 311)
   defining Unicode char U+0139 (decimal 313)
   defining Unicode char U+013A (decimal 314)
   defining Unicode char U+013B (decimal 315)
   defining Unicode char U+013C (decimal 316)
   defining Unicode char U+013D (decimal 317)
   defining Unicode char U+013E (decimal 318)
   defining Unicode char U+0141 (decimal 321)
   defining Unicode char U+0142 (decimal 322)
   defining Unicode char U+0143 (decimal 323)
   defining Unicode char U+0144 (decimal 324)
   defining Unicode char U+0145 (decimal 325)
   defining Unicode char U+0146 (decimal 326)
   defining Unicode char U+0147 (decimal 327)
   defining Unicode char U+0148 (decimal 328)
   defining Unicode char U+014A (decimal 330)
   defining Unicode char U+014B (decimal 331)
   defining Unicode char U+014C (decimal 332)
   defining Unicode char U+014D (decimal 333)
   defining Unicode char U+014E (decimal 334)
   defining Unicode char U+014F (decimal 335)
   defining Unicode char U+0150 (decimal 336)
   defining Unicode char U+0151 (decimal 337)
   defining Unicode char U+0152 (decimal 338)
   defining Unicode char U+0153 (decimal 339)
   defining Unicode char U+0154 (decimal 340)
   defining Unicode char U+0155 (decimal 341)
   defining Unicode char U+0156 (decimal 342)
   defining Unicode char U+0157 (decimal 343)
   defining Unicode char U+0158 (decimal 344)
   defining Unicode char U+0159 (decimal 345)
   defining Unicode char U+015A (decimal 346)
   defining Unicode char U+015B (decimal 347)
   defining Unicode char U+015C (decimal 348)
   defining Unicode char U+015D (decimal 349)
   defining Unicode char U+015E (decimal 350)
   defining Unicode char U+015F (decimal 351)
   defining Unicode char U+0160 (decimal 352)
   defining Unicode char U+0161 (decimal 353)
   defining Unicode char U+0162 (decimal 354)
   defining Unicode char U+0163 (decimal 355)
   defining Unicode char U+0164 (decimal 356)
   defining Unicode char U+0165 (decimal 357)
   defining Unicode char U+0168 (decimal 360)
   defining Unicode char U+0169 (decimal 361)
   defining Unicode char U+016A (decimal 362)
   defining Unicode char U+016B (decimal 363)
   defining Unicode char U+016C (decimal 364)
   defining Unicode char U+016D (decimal 365)
   defining Unicode char U+016E (decimal 366)
   defining Unicode char U+016F (decimal 367)
   defining Unicode char U+0170 (decimal 368)
   defining Unicode char U+0171 (decimal 369)
   defining Unicode char U+0172 (decimal 370)
   defining Unicode char U+0173 (decimal 371)
   defining Unicode char U+0174 (decimal 372)
   defining Unicode char U+0175 (decimal 373)
   defining Unicode char U+0176 (decimal 374)
   defining Unicode char U+0177 (decimal 375)
   defining Unicode char U+0178 (decimal 376)
   defining Unicode char U+0179 (decimal 377)
   defining Unicode char U+017A (decimal 378)
   defining Unicode char U+017B (decimal 379)
   defining Unicode char U+017C (decimal 380)
   defining Unicode char U+017D (decimal 381)
   defining Unicode char U+017E (decimal 382)
   defining Unicode char U+01CD (decimal 461)
   defining Unicode char U+01CE (decimal 462)
   defining Unicode char U+01CF (decimal 463)
   defining Unicode char U+01D0 (decimal 464)
   defining Unicode char U+01D1 (decimal 465)
   defining Unicode char U+01D2 (decimal 466)
   defining Unicode char U+01D3 (decimal 467)
   defining Unicode char U+01D4 (decimal 468)
   defining Unicode char U+01E2 (decimal 482)
   defining Unicode char U+01E3 (decimal 483)
   defining Unicode char U+01E6 (decimal 486)
   defining Unicode char U+01E7 (decimal 487)
   defining Unicode char U+01E8 (decimal 488)
   defining Unicode char U+01E9 (decimal 489)
   defining Unicode char U+01EA (decimal 490)
   defining Unicode char U+01EB (decimal 491)
   defining Unicode char U+01F0 (decimal 496)
   defining Unicode char U+01F4 (decimal 500)
   defining Unicode char U+01F5 (decimal 501)
   defining Unicode char U+0218 (decimal 536)
   defining Unicode char U+0219 (decimal 537)
   defining Unicode char U+021A (decimal 538)
   defining Unicode char U+021B (decimal 539)
   defining Unicode char U+01E02 (decimal 7682)
   defining Unicode char U+01E03 (decimal 7683)
   defining Unicode char U+200C (decimal 8204)
   defining Unicode char U+2013 (decimal 8211)
   defining Unicode char U+2014 (decimal 8212)
   defining Unicode char U+2018 (decimal 8216)
   defining Unicode char U+2019 (decimal 8217)
   defining Unicode char U+201A (decimal 8218)
   defining Unicode char U+201C (decimal 8220)
   defining Unicode char U+201D (decimal 8221)
   defining Unicode char U+201E (decimal 8222)
   defining Unicode char U+2030 (decimal 8240)
   defining Unicode char U+2031 (decimal 8241)
   defining Unicode char U+2039 (decimal 8249)
   defining Unicode char U+203A (decimal 8250)
   defining Unicode char U+2423 (decimal 9251)
)
Now handling font encoding OT1 ...
... processing UTF-8 mapping file for font encoding OT1

(/usr/share/texlive/texmf-dist/tex/latex/base/ot1enc.dfu
File: ot1enc.dfu 2015/12/03 v1.1r UTF-8 support for inputenc
   defining Unicode char U+00A0 (decimal 160)
   defining Unicode char U+00A1 (decimal 161)
   defining Unicode char U+00A3 (decimal 163)
   defining Unicode char U+00AD (decimal 173)
   defining Unicode char U+00B8 (decimal 184)
   defining Unicode char U+00BF (decimal 191)
   defining Unicode char U+00C5 (decimal 197)
   defining Unicode char U+00C6 (decimal 198)
   defining Unicode char U+00D8 (decimal 216)
   defining Unicode char U+00DF (decimal 223)
   defining Unicode char U+00E6 (decimal 230)
   defining Unicode char U+00EC (decimal 236)
   defining Unicode char U+00ED (decimal 237)
   defining Unicode char U+00EE (decimal 238)
   defining Unicode char U+00EF (decimal 239)
   defining Unicode char U+00F8 (decimal 248)
   defining Unicode char U+0131 (decimal 305)
   defining Unicode char U+0141 (decimal 321)
   defining Unicode char U+0142 (decimal 322)
   defining Unicode char U+0152 (decimal 338)
   defining Unicode char U+0153 (decimal 339)
   defining Unicode char U+0174 (decimal 372)
   defining Unicode char U+0175 (decimal 373)
   defining Unicode char U+0176 (decimal 374)
   defining Unicode char U+0177 (decimal 375)
   defining Unicode char U+0218 (decimal 536)
   defining Unicode char U+0219 (decimal 537)
   defining Unicode char U+021A (decimal 538)
   defining Unicode char U+021B (decimal 539)
   defining Unicode char U+2013 (decimal 8211)
   defining Unicode char U+2014 (decimal 8212)
   defining Unicode char U+2018 (decimal 8216)
   defining Unicode char U+2019 (decimal 8217)
   defining Unicode char U+201C (decimal 8220)
   defining Unicode char U+201D (decimal 8221)
)
Now handling font encoding OMS ...
... processing UTF-8 mapping file for font encoding OMS

(/usr/share/texlive/texmf-dist/tex/latex/base/omsenc.dfu
File: omsenc.dfu 2015/12/03 v1.1r UTF-8 support for inputenc
   defining Unicode char U+00A7 (decimal 167)
   defining Unicode char U+00B6 (decimal 182)
   defining Unicode char U+00B7 (decimal 183)
   defining Unicode char U+2020 (decimal 8224)
   defining Unicode char U+2021 (decimal 8225)
   defining Unicode char U+2022 (decimal 8226)
)
Now handling font encoding OMX ...
... no UTF-8 mapping file for font encoding OMX
Now handling font encoding U ...
... no UTF-8 mapping file for font encoding U
Now handling font encoding PD1 ...
... no UTF-8 mapping file for font encoding PD1
   defining Unicode char U+00A9 (decimal 169)
   defining Unicode char U+00AA (decimal 170)
   defining Unicode char U+00AE (decimal 174)
   defining Unicode char U+00BA (decimal 186)
   defining Unicode char U+02C6 (decimal 710)
   defining Unicode char U+02DC (decimal 732)
   defining Unicode char U+200C (decimal 8204)
   defining Unicode char U+2026 (decimal 8230)
   defining Unicode char U+2122 (decimal 8482)
   defining Unicode char U+2423 (decimal 9251)
))
(/usr/share/texlive/texmf-dist/tex/latex/base/fontenc.sty
Package: fontenc 2005/09/27 v1.99g Standard LaTeX package
)
(/usr/share/texlive/texmf-dist/tex/latex/booktabs/booktabs.sty
Package: booktabs 2005/04/14 v1.61803 publication quality tables
\heavyrulewidth=\dimen124
\lightrulewidth=\dimen125
\cmidrulewidth=\dimen126
\belowrulesep=\dimen127
\belowbottomsep=\dimen128
\aboverulesep=\dimen129
\abovetopsep=\dimen130
\cmidrulesep=\dimen131
\cmidrulekern=\dimen132
\defaultaddspace=\dimen133
\@cmidla=\count121
\@cmidlb=\count122
\@aboverulesep=\dimen134
\@belowrulesep=\dimen135
\@thisruleclass=\count123
\@lastruleclass=\count124
\@thisrulewidth=\dimen136
)
(/usr/share/texlive/texmf-dist/tex/latex/pdfpages/pdfpages.sty
Package: pdfpages 2015/09/18 v0.5d Insert pages of external PDF documents (AM)

(/usr/share/texlive/texmf-dist/tex/latex/base/ifthen.sty
Package: ifthen 2014/09/29 v1.1c Standard LaTeX ifthen package (DPC)
)
(/usr/share/texlive/texmf-dist/tex/latex/tools/calc.sty
Package: calc 2014/10/28 v4.3 Infix arithmetic (KKT,FJ)
\calc@Acount=\count125
\calc@Bcount=\count126
\calc@Adimen=\dimen137
\calc@Bdimen=\dimen138
\calc@Askip=\skip57
\calc@Bskip=\skip58
LaTeX Info: Redefining \setlength on input line 80.
LaTeX Info: Redefining \addtolength on input line 81.
\calc@Ccount=\count127
\calc@Cskip=\skip59
)
(/usr/share/texlive/texmf-dist/tex/latex/eso-pic/eso-pic.sty
Package: eso-pic 2015/07/21 v2.0g eso-pic (RN)
)
\AM@pagewidth=\dimen139
\AM@pageheight=\dimen140

(/usr/share/texlive/texmf-dist/tex/latex/pdfpages/pppdftex.def
File: pppdftex.def 2015/09/18 v0.5d Pdfpages driver for pdfTeX (AM)
)
\AM@pagebox=\box33
\AM@toc@title=\toks27
\c@AM@survey=\count128
\AM@templatesizebox=\box34
)
(/usr/share/texlive/texmf-dist/tex/latex/listings/lstlang1.sty
File: lstlang1.sty 2015/06/04 1.6 listings language file
)
\c@homeworkProblemCounter=\count129

(./assignment.aux)
\openout1 = `assignment.aux'.

LaTeX Font Info:    Checking defaults for OML/cmm/m/it on input line 244.
LaTeX Font Info:    ... okay on input line 244.
LaTeX Font Info:    Checking defaults for T1/cmr/m/n on input line 244.
LaTeX Font Info:    ... okay on input line 244.
LaTeX Font Info:    Checking defaults for OT1/cmr/m/n on input line 244.
LaTeX Font Info:    ... okay on input line 244.
LaTeX Font Info:    Checking defaults for OMS/cmsy/m/n on input line 244.
LaTeX Font Info:    ... okay on input line 244.
LaTeX Font Info:    Checking defaults for OMX/cmex/m/n on input line 244.
LaTeX Font Info:    ... okay on input line 244.
LaTeX Font Info:    Checking defaults for U/cmr/m/n on input line 244.
LaTeX Font Info:    ... okay on input line 244.
LaTeX Font Info:    Checking defaults for PD1/pdf/m/n on input line 244.
LaTeX Font Info:    ... okay on input line 244.
Package lastpage Info: Please have a look at the pageslts package at
(lastpage)             https://www.ctan.org/pkg/pageslts
(lastpage)             ! on input line 244.

(/usr/share/texlive/texmf-dist/tex/context/base/supp-pdf.mkii
[Loading MPS to PDF converter (version 2006.09.02).]
\scratchcounter=\count130
\scratchdimen=\dimen141
\scratchbox=\box35
\nofMPsegments=\count131
\nofMParguments=\count132
\everyMPshowfont=\toks28
\MPscratchCnt=\count133
\MPscratchDim=\dimen142
\MPnumerator=\count134
\makeMPintoPDFobject=\count135
\everyMPtoPDFconversion=\toks29
) (/usr/share/texlive/texmf-dist/tex/latex/oberdiek/epstopdf-base.sty
Package: epstopdf-base 2010/02/09 v2.5 Base part for package epstopdf

(/usr/share/texlive/texmf-dist/tex/latex/oberdiek/grfext.sty
Package: grfext 2010/08/19 v1.1 Manage graphics extensions (HO)
)
Package grfext Info: Graphics extension search list:
(grfext)             [.png,.pdf,.jpg,.mps,.jpeg,.jbig2,.jb2,.PNG,.PDF,.JPG,.JPE
G,.JBIG2,.JB2,.eps]
(grfext)             \AppendGraphicsExtensions on input line 452.

(/usr/share/texlive/texmf-dist/tex/latex/latexconfig/epstopdf-sys.cfg
File: epstopdf-sys.cfg 2010/07/13 v1.3 Configuration of (r)epstopdf for TeX Liv
e
))
\c@lstlisting=\count136
\AtBeginShipoutBox=\box36
Package hyperref Info: Link coloring OFF on input line 244.

(/usr/share/texlive/texmf-dist/tex/latex/hyperref/nameref.sty
Package: nameref 2012/10/27 v2.43 Cross-referencing by name of section

(/usr/share/texlive/texmf-dist/tex/generic/oberdiek/gettitlestring.sty
Package: gettitlestring 2010/12/03 v1.4 Cleanup title references (HO)
)
\c@section@level=\count137
)
LaTeX Info: Redefining \ref on input line 244.
LaTeX Info: Redefining \pageref on input line 244.
LaTeX Info: Redefining \nameref on input line 244.

(./assignment.out) (./assignment.out)
\@outlinefile=\write3
\openout3 = `assignment.out'.


(/usr/share/texlive/texmf-dist/tex/latex/oberdiek/pdflscape.sty
Package: pdflscape 2008/08/11 v0.10 Display of landscape pages in PDF (HO)

(/usr/share/texlive/texmf-dist/tex/latex/graphics/lscape.sty
Package: lscape 2000/10/22 v3.01 Landscape Pages (DPC)
)
Package pdflscape Info: Auto-detected driver: pdftex on input line 80.
)
LaTeX Font Info:    Try loading font information for U+rsfs on input line 247.

(/usr/share/texlive/texmf-dist/tex/latex/jknapltx/ursfs.fd
File: ursfs.fd 1998/03/24 rsfs font definition file (jk)
) [1

{/home/paul/.texmf-var/fonts/map/pdftex/updmap/pdftex.map}] (./assignment.toc)
\tf@toc=\write4
\openout4 = `assignment.toc'.

 [2]
<Problem1_R/Problem1.pdf, id=42, 614.295pt x 794.97pt>
File: Problem1_R/Problem1.pdf Graphic file (type pdf)

<use Problem1_R/Problem1.pdf>
Package pdftex.def Info: Problem1_R/Problem1.pdf used on input line 312.
(pdftex.def)             Requested size: 614.29349pt x 794.96806pt.
File: Problem1_R/Problem1.pdf Graphic file (type pdf)
 <use Problem1_R/Problem1.pdf>
Package pdftex.def Info: Problem1_R/Problem1.pdf used on input line 312.
(pdftex.def)             Requested size: 614.29349pt x 794.96806pt.

<Problem1_R/Problem1.pdf, id=45, page=1, 614.295pt x 794.97pt>
File: Problem1_R/Problem1.pdf Graphic file (type pdf)

<use Problem1_R/Problem1.pdf, page 1>
Package pdftex.def Info: Problem1_R/Problem1.pdf, page1 used on input line 312.

(pdftex.def)             Requested size: 614.29349pt x 794.96806pt.
File: Problem1_R/Problem1.pdf Graphic file (type pdf)
 <use Problem1_R/Problem1.pdf, page 1>
Package pdftex.def Info: Problem1_R/Problem1.pdf, page1 used on input line 312.

(pdftex.def)             Requested size: 614.58406pt x 795.3441pt.

Underfull \hbox (badness 10000) in paragraph at lines 307--312

 []


Underfull \hbox (badness 10000) in paragraph at lines 307--312

 []

[3pdfTeX warning (ext4): destination with the same identifier (name{table.1}) h
as been already used, duplicate ignored

\AtBegShi@Output ...ipout \box \AtBeginShipoutBox 
                                                  \fi \fi 
l.312 ...df[pages={1-10}]{Problem1_R/Problem1.pdf}
                                                  ]
File: Problem1_R/Problem1.pdf Graphic file (type pdf)

<use Problem1_R/Problem1.pdf, page 1>
Package pdftex.def Info: Problem1_R/Problem1.pdf, page1 used on input line 312.

(pdftex.def)             Requested size: 614.58406pt x 795.3441pt.
File: Problem1_R/Problem1.pdf Graphic file (type pdf)
 <use Problem1_R/Problem1.pdf, page 1>
Package pdftex.def Info: Problem1_R/Problem1.pdf, page1 used on input line 312.

(pdftex.def)             Requested size: 614.58406pt x 795.3441pt.
File: Problem1_R/Problem1.pdf Graphic file (type pdf)

<use Problem1_R/Problem1.pdf, page 1>
Package pdftex.def Info: Problem1_R/Problem1.pdf, page1 used on input line 312.

(pdftex.def)             Requested size: 614.58406pt x 795.3441pt.
 [4 <./Problem1_R/Problem1.pdf>]
<Problem1_R/Problem1.pdf, id=92, page=2, 614.295pt x 794.97pt>
File: Problem1_R/Problem1.pdf Graphic file (type pdf)

<use Problem1_R/Problem1.pdf, page 2>
Package pdftex.def Info: Problem1_R/Problem1.pdf, page2 used on input line 312.

(pdftex.def)             Requested size: 614.58406pt x 795.3441pt.
File: Problem1_R/Problem1.pdf Graphic file (type pdf)
 <use Problem1_R/Problem1.pdf, page 2>
Package pdftex.def Info: Problem1_R/Problem1.pdf, page2 used on input line 312.

(pdftex.def)             Requested size: 614.58406pt x 795.3441pt.
File: Problem1_R/Problem1.pdf Graphic file (type pdf)

<use Problem1_R/Problem1.pdf, page 2>
Package pdftex.def Info: Problem1_R/Problem1.pdf, page2 used on input line 312.

(pdftex.def)             Requested size: 614.58406pt x 795.3441pt.
 [5 <./Problem1_R/Problem1.pdf>]
<Problem1_R/Problem1.pdf, id=106, page=3, 614.295pt x 794.97pt>
File: Problem1_R/Problem1.pdf Graphic file (type pdf)

<use Problem1_R/Problem1.pdf, page 3>
Package pdftex.def Info: Problem1_R/Problem1.pdf, page3 used on input line 312.

(pdftex.def)             Requested size: 614.58406pt x 795.3441pt.
File: Problem1_R/Problem1.pdf Graphic file (type pdf)
 <use Problem1_R/Problem1.pdf, page 3>
Package pdftex.def Info: Problem1_R/Problem1.pdf, page3 used on input line 312.

(pdftex.def)             Requested size: 614.58406pt x 795.3441pt.
File: Problem1_R/Problem1.pdf Graphic file (type pdf)

<use Problem1_R/Problem1.pdf, page 3>
Package pdftex.def Info: Problem1_R/Problem1.pdf, page3 used on input line 312.

(pdftex.def)             Requested size: 614.58406pt x 795.3441pt.
 [6 <./Problem1_R/Problem1.pdf>]
<Problem1_R/Problem1.pdf, id=117, page=4, 614.295pt x 794.97pt>
File: Problem1_R/Problem1.pdf Graphic file (type pdf)

<use Problem1_R/Problem1.pdf, page 4>
Package pdftex.def Info: Problem1_R/Problem1.pdf, page4 used on input line 312.

(pdftex.def)             Requested size: 614.58406pt x 795.3441pt.
File: Problem1_R/Problem1.pdf Graphic file (type pdf)
 <use Problem1_R/Problem1.pdf, page 4>
Package pdftex.def Info: Problem1_R/Problem1.pdf, page4 used on input line 312.

(pdftex.def)             Requested size: 614.58406pt x 795.3441pt.
File: Problem1_R/Problem1.pdf Graphic file (type pdf)

<use Problem1_R/Problem1.pdf, page 4>
Package pdftex.def Info: Problem1_R/Problem1.pdf, page4 used on input line 312.

(pdftex.def)             Requested size: 614.58406pt x 795.3441pt.
 [7 <./Problem1_R/Problem1.pdf>]
<Problem1_R/Problem1.pdf, id=129, page=5, 614.295pt x 794.97pt>
File: Problem1_R/Problem1.pdf Graphic file (type pdf)

<use Problem1_R/Problem1.pdf, page 5>
Package pdftex.def Info: Problem1_R/Problem1.pdf, page5 used on input line 312.

(pdftex.def)             Requested size: 614.58406pt x 795.3441pt.
File: Problem1_R/Problem1.pdf Graphic file (type pdf)
 <use Problem1_R/Problem1.pdf, page 5>
Package pdftex.def Info: Problem1_R/Problem1.pdf, page5 used on input line 312.

(pdftex.def)             Requested size: 614.58406pt x 795.3441pt.
File: Problem1_R/Problem1.pdf Graphic file (type pdf)

<use Problem1_R/Problem1.pdf, page 5>
Package pdftex.def Info: Problem1_R/Problem1.pdf, page5 used on input line 312.

(pdftex.def)             Requested size: 614.58406pt x 795.3441pt.
 [8 <./Problem1_R/Problem1.pdf>]
<Problem1_R/Problem1.pdf, id=140, page=6, 614.295pt x 794.97pt>
File: Problem1_R/Problem1.pdf Graphic file (type pdf)

<use Problem1_R/Problem1.pdf, page 6>
Package pdftex.def Info: Problem1_R/Problem1.pdf, page6 used on input line 312.

(pdftex.def)             Requested size: 614.58406pt x 795.3441pt.
File: Problem1_R/Problem1.pdf Graphic file (type pdf)
 <use Problem1_R/Problem1.pdf, page 6>
Package pdftex.def Info: Problem1_R/Problem1.pdf, page6 used on input line 312.

(pdftex.def)             Requested size: 614.58406pt x 795.3441pt.
File: Problem1_R/Problem1.pdf Graphic file (type pdf)

<use Problem1_R/Problem1.pdf, page 6>
Package pdftex.def Info: Problem1_R/Problem1.pdf, page6 used on input line 312.

(pdftex.def)             Requested size: 614.58406pt x 795.3441pt.
 [9 <./Problem1_R/Problem1.pdf>]
<Problem1_R/Problem1.pdf, id=151, page=7, 614.295pt x 794.97pt>
File: Problem1_R/Problem1.pdf Graphic file (type pdf)

<use Problem1_R/Problem1.pdf, page 7>
Package pdftex.def Info: Problem1_R/Problem1.pdf, page7 used on input line 312.

(pdftex.def)             Requested size: 614.58406pt x 795.3441pt.
File: Problem1_R/Problem1.pdf Graphic file (type pdf)
 <use Problem1_R/Problem1.pdf, page 7>
Package pdftex.def Info: Problem1_R/Problem1.pdf, page7 used on input line 312.

(pdftex.def)             Requested size: 614.58406pt x 795.3441pt.
File: Problem1_R/Problem1.pdf Graphic file (type pdf)

<use Problem1_R/Problem1.pdf, page 7>
Package pdftex.def Info: Problem1_R/Problem1.pdf, page7 used on input line 312.

(pdftex.def)             Requested size: 614.58406pt x 795.3441pt.
 [10 <./Problem1_R/Problem1.pdf>]
<Problem1_R/Problem1.pdf, id=162, page=8, 614.295pt x 794.97pt>
File: Problem1_R/Problem1.pdf Graphic file (type pdf)

<use Problem1_R/Problem1.pdf, page 8>
Package pdftex.def Info: Problem1_R/Problem1.pdf, page8 used on input line 312.

(pdftex.def)             Requested size: 614.58406pt x 795.3441pt.
File: Problem1_R/Problem1.pdf Graphic file (type pdf)
 <use Problem1_R/Problem1.pdf, page 8>
Package pdftex.def Info: Problem1_R/Problem1.pdf, page8 used on input line 312.

(pdftex.def)             Requested size: 614.58406pt x 795.3441pt.
File: Problem1_R/Problem1.pdf Graphic file (type pdf)

<use Problem1_R/Problem1.pdf, page 8>
Package pdftex.def Info: Problem1_R/Problem1.pdf, page8 used on input line 312.

(pdftex.def)             Requested size: 614.58406pt x 795.3441pt.
 [11 <./Problem1_R/Problem1.pdf>]
<Problem1_R/Problem1.pdf, id=174, page=9, 614.295pt x 794.97pt>
File: Problem1_R/Problem1.pdf Graphic file (type pdf)

<use Problem1_R/Problem1.pdf, page 9>
Package pdftex.def Info: Problem1_R/Problem1.pdf, page9 used on input line 312.

(pdftex.def)             Requested size: 614.58406pt x 795.3441pt.
File: Problem1_R/Problem1.pdf Graphic file (type pdf)
 <use Problem1_R/Problem1.pdf, page 9>
Package pdftex.def Info: Problem1_R/Problem1.pdf, page9 used on input line 312.

(pdftex.def)             Requested size: 614.58406pt x 795.3441pt.
File: Problem1_R/Problem1.pdf Graphic file (type pdf)

<use Problem1_R/Problem1.pdf, page 9>
Package pdftex.def Info: Problem1_R/Problem1.pdf, page9 used on input line 312.

(pdftex.def)             Requested size: 614.58406pt x 795.3441pt.
 [12 <./Problem1_R/Problem1.pdf>]
<Problem1_R/Problem1.pdf, id=185, page=10, 614.295pt x 794.97pt>
File: Problem1_R/Problem1.pdf Graphic file (type pdf)

<use Problem1_R/Problem1.pdf, page 10>
Package pdftex.def Info: Problem1_R/Problem1.pdf, page10 used on input line 312
.
(pdftex.def)             Requested size: 614.58406pt x 795.3441pt.
File: Problem1_R/Problem1.pdf Graphic file (type pdf)
 <use Problem1_R/Problem1.pdf, page 10>
Package pdftex.def Info: Problem1_R/Problem1.pdf, page10 used on input line 312
.
(pdftex.def)             Requested size: 614.58406pt x 795.3441pt.
File: Problem1_R/Problem1.pdf Graphic file (type pdf)

<use Problem1_R/Problem1.pdf, page 10>
Package pdftex.def Info: Problem1_R/Problem1.pdf, page10 used on input line 312
.
(pdftex.def)             Requested size: 614.58406pt x 795.3441pt.
 [13 <./Problem1_R/Problem1.pdf>]
Underfull \hbox (badness 10000) in paragraph at lines 335--337

 []


Underfull \hbox (badness 10000) in paragraph at lines 335--337

 []


Underfull \hbox (badness 10000) in paragraph at lines 401--401

 []


Underfull \hbox (badness 10000) in paragraph at lines 401--401

 []


Underfull \hbox (badness 10000) in paragraph at lines 401--452

 []

[14

]
Underfull \hbox (badness 10000) in paragraph at lines 487--487

 []

[15]
Underfull \hbox (badness 10000) in paragraph at lines 517--517

 []


Underfull \hbox (badness 10000) in paragraph at lines 517--518

 []

LaTeX Font Info:    Try loading font information for OT1+pcr on input line 519.

(/usr/share/texlive/texmf-dist/tex/latex/psnfss/ot1pcr.fd
File: ot1pcr.fd 2001/06/04 font definitions for OT1/pcr.
)
(./Problem3/Calculations
LaTeX Font Info:    Try loading font information for T1+pcr on input line 1.

(/usr/share/texlive/texmf-dist/tex/latex/psnfss/t1pcr.fd
File: t1pcr.fd 2001/06/04 font definitions for T1/pcr.
) [16

])
<Problem3/NNorm.pdf, id=261, 578.16pt x 433.62pt>
File: Problem3/NNorm.pdf Graphic file (type pdf)
 <use Problem3/NNorm.pdf>
Package pdftex.def Info: Problem3/NNorm.pdf used on input line 523.
(pdftex.def)             Requested size: 361.71335pt x 271.28311pt.

[17] <Problem3/SNorm.pdf, id=309, 578.16pt x 433.62pt>
File: Problem3/SNorm.pdf Graphic file (type pdf)

<use Problem3/SNorm.pdf>
Package pdftex.def Info: Problem3/SNorm.pdf used on input line 529.
(pdftex.def)             Requested size: 361.71335pt x 271.28311pt.
 <Problem3/V2Norm.pdf, id=310, 578.16pt x 433.62pt>
File: Problem3/V2Norm.pdf Graphic file (type pdf)

<use Problem3/V2Norm.pdf>
Package pdftex.def Info: Problem3/V2Norm.pdf used on input line 535.
(pdftex.def)             Requested size: 361.71335pt x 271.28311pt.
 [18 <./Problem3/NNorm.pdf> <./Problem3/SNorm.pdf

pdfTeX warning: pdflatex (file ./Problem3/SNorm.pdf): PDF inclusion: multiple p
dfs with page group included in a single page
>] <Problem3/V3Norm.pdf, id=377, 578.16pt x 433.62pt>
File: Problem3/V3Norm.pdf Graphic file (type pdf)

<use Problem3/V3Norm.pdf>
Package pdftex.def Info: Problem3/V3Norm.pdf used on input line 541.
(pdftex.def)             Requested size: 361.71335pt x 271.28311pt.
 [19 <./Problem3/V2Norm.pdf> <./Problem3/V3Norm.pdf

pdfTeX warning: pdflatex (file ./Problem3/V3Norm.pdf): PDF inclusion: multiple 
pdfs with page group included in a single page
>]
Underfull \hbox (badness 10000) in paragraph at lines 568--571

 []


Underfull \hbox (badness 10000) in paragraph at lines 568--571

 []


Underfull \hbox (badness 10000) in paragraph at lines 623--623

 []


Underfull \hbox (badness 10000) in paragraph at lines 623--623

 []


Underfull \hbox (badness 10000) in paragraph at lines 623--623

 []


Underfull \hbox (badness 10000) in paragraph at lines 623--623

 []


Underfull \hbox (badness 10000) in paragraph at lines 679--679

 []


Underfull \hbox (badness 10000) in paragraph at lines 623--730

 []

[20

] [21] (./Problem4/Calculations [22])
<Problem4/Histf.pdf, id=490, 578.16pt x 433.62pt>
File: Problem4/Histf.pdf Graphic file (type pdf)
 <use Problem4/Histf.pdf>
Package pdftex.def Info: Problem4/Histf.pdf used on input line 737.
(pdftex.def)             Requested size: 361.71335pt x 271.28311pt.

[23] [24 <./Problem4/Histf.pdf>] 
AED: lastpage setting LastPage
Package atveryend Info: Empty hook `BeforeClearDocument' on input line 761.
Package atveryend Info: Empty hook `AfterLastShipout' on input line 761.
(./assignment.aux)
Package atveryend Info: Executing hook `AtVeryEndDocument' on input line 761.
Package atveryend Info: Executing hook `AtEndAfterFileList' on input line 761.
Package rerunfilecheck Info: File `assignment.out' has not changed.
(rerunfilecheck)             Checksum: 21F4F757ACAF6C7CBB0C81446F3E80F1;180.
Package atveryend Info: Empty hook `AtVeryVeryEnd' on input line 761.
 ) 
Here is how much of TeX's memory you used:
 10389 strings out of 494953
 145311 string characters out of 6180977
 285891 words of memory out of 5000000
 13302 multiletter control sequences out of 15000+600000
 17782 words of font info for 64 fonts, out of 8000000 for 9000
 14 hyphenation exceptions out of 8191
 40i,18n,46p,250b,2147s stack positions out of 5000i,500n,10000p,200000b,80000s
{/usr/share/texlive/texmf-dist/fonts/enc/dvips/base/8r.enc}</usr/share/texliv
e/texmf-dist/fonts/type1/public/amsfonts/cm/cmbx10.pfb></usr/share/texlive/texm
f-dist/fonts/type1/public/amsfonts/cm/cmbx12.pfb></usr/share/texlive/texmf-dist
/fonts/type1/public/amsfonts/cm/cmbx9.pfb></usr/share/texlive/texmf-dist/fonts/
type1/public/amsfonts/cm/cmex10.pfb></usr/share/texlive/texmf-dist/fonts/type1/
public/amsfonts/cm/cmmi10.pfb></usr/share/texlive/texmf-dist/fonts/type1/public
/amsfonts/cm/cmmi5.pfb></usr/share/texlive/texmf-dist/fonts/type1/public/amsfon
ts/cm/cmmi7.pfb></usr/share/texlive/texmf-dist/fonts/type1/public/amsfonts/cm/c
mmib10.pfb></usr/share/texlive/texmf-dist/fonts/type1/public/amsfonts/cm/cmr10.
pfb></usr/share/texlive/texmf-dist/fonts/type1/public/amsfonts/cm/cmr5.pfb></us
r/share/texlive/texmf-dist/fonts/type1/public/amsfonts/cm/cmr7.pfb></usr/share/
texlive/texmf-dist/fonts/type1/public/amsfonts/cm/cmr9.pfb></usr/share/texlive/
texmf-dist/fonts/type1/public/amsfonts/cm/cmsy10.pfb></usr/share/texlive/texmf-
dist/fonts/type1/public/amsfonts/cm/cmsy5.pfb></usr/share/texlive/texmf-dist/fo
nts/type1/public/amsfonts/cm/cmsy7.pfb></usr/share/texlive/texmf-dist/fonts/typ
e1/public/amsfonts/cm/cmti10.pfb></usr/share/texlive/texmf-dist/fonts/type1/pub
lic/amsfonts/cm/cmti12.pfb></usr/share/texmf/fonts/type1/public/lm/lmbx12.pfb><
/usr/share/texmf/fonts/type1/public/lm/lmr10.pfb></usr/share/texmf/fonts/type1/
public/lm/lmr17.pfb></usr/share/texmf/fonts/type1/public/lm/lmri12.pfb></usr/sh
are/texmf/fonts/type1/public/lm/lmtk10.pfb></usr/share/texmf/fonts/type1/public
/lm/lmtt10.pfb></usr/share/texlive/texmf-dist/fonts/type1/urw/courier/ucrr8a.pf
b></usr/share/texlive/texmf-dist/fonts/type1/urw/courier/ucrro8a.pfb>
Output written on assignment.pdf (24 pages, 514297 bytes).
PDF statistics:
 697 PDF objects out of 1000 (max. 8388607)
 456 compressed objects within 5 object streams
 177 named destinations out of 1000 (max. 500000)
 123 words of extra memory for PDF output out of 10000 (max. 10000000)

