
                  ***********************************************************
                  *                                                         *
                  *   OOOOO  RRRR   IIIII   GGGGG   EEEEE  N    N   22222   *
                  *   O   O  R   R    I    G        E      NN   N  22   22  *
                  *   O   O  RRRR     I    G    GG  EEEE   N NN N      22   *
                  *   O   O  R   R    I    G     G  E      N   NN   22      *
                  *   OOOOO  R   R  IIIII   GGGGGG  EEEEE  N    N  2222222  *
                  *                                                         *
                  *                  Version 2.2 (5-4-2002)                 *
                  *                                                         *
                  *                                                         *
                  *                  OOOOO    AA    K   K                   *
                  *                  O   O   A  A   K  K                    *
                  *                  O   O   AAAA   KKK                     *
                  *                  O   O   A  A   K  K                    *
                  *                  OOOOO   A  A   K   K                   *
                  *                                                         *
                  *          RRRR   III   DDDDD     GGGGG    EEEEE          *
                  *          R   R   I    D    D   G         E              *
                  *          RRRR    I    D    D   G    GG   EEEE           *
                  *          R   R   I    D    D   G     G   E              *
                  *          R   R  III   DDDDD     GGGGGG   EEEEE          *
                  *                                                         *
                  *   N    N   AA   TTTTT  III  OOOOO  N    N   AA   L      *
                  *   NN   N  A  A    T     I   O   O  NN   N  A  A  L      *
                  *   N NN N  AAAA    T     I   O   O  N NN N  AAAA  L      *
                  *   N   NN  A  A    T     I   O   O  N   NN  A  A  L      *
                  *   N    N  A  A    T    III  OOOOO  N    N  A  A  LLLLL  *
                  *                                                         *
                  * L     AA  BBBB  OOOO RRRR    AA  TTTTT OOOO RRRR  Y   Y *
                  * L    A  A B   B O  O R   R  A  A   T   O  O R   R  Y Y  *
                  * L    AAAA BBBB  O  O RRRR   AAAA   T   O  O RRRR    Y   *
                  * L    A  A B   B O  O R   R  A  A   T   O  O R   R   Y   *
                  * LLLL A  A BBBB  OOOO R   R  A  A   T   OOOO R   R   Y   *
                  *                                                         *
                  *                                                         *
                  *           RSIC CODE PACKAGE NUMBER (CCC-371)            *
                  *                                                         *
                  *  ORIGEN2 VERSION 2.2 (5-4-2002) UPDATES THE FOLLOWING:  *
                  *                                                         *
                  *           CCC-371(A) - MAINFRAMES                       *
                  *           CCC-371(E) - ALL PCS WITH WINDOWS             *
                  *                                                         *
                  *     ORIGEN2 RUN  DATE: 01/15/17    TIME 15:54:35        *
                  *                                                         *
                  *                                                         *
                  ***********************************************************
