NUMBER OF COMMAND=    1 ; THIS IS INSTRUCTION   1 OUT OF A TOTAL OF    3 *RDA * INSTRUCTIONS. UNIT=15
NUMBER OF COMMAND=    2 ; THIS IS INSTRUCTION   2 OUT OF A TOTAL OF    3 *RDA * INSTRUCTIONS. UNIT=15
NUMBER OF COMMAND=    3 ; THIS IS INSTRUCTION   3 OUT OF A TOTAL OF    3 *RDA * INSTRUCTIONS. UNIT=15
NUMBER OF COMMAND=    4 ; THIS IS INSTRUCTION   1 OUT OF A TOTAL OF    1 *LIB * INSTRUCTIONS. UNIT=15
NUMBER OF COMMAND=    5 ; THIS IS INSTRUCTION   1 OUT OF A TOTAL OF    1 *PHO * INSTRUCTIONS. UNIT=15
NUMBER OF COMMAND=    6 ; THIS IS INSTRUCTION   1 OUT OF A TOTAL OF    1 *INP * INSTRUCTIONS. UNIT=15
NUMBER OF COMMAND=    7 ; THIS IS INSTRUCTION   1 OUT OF A TOTAL OF    2 *BUP * INSTRUCTIONS. UNIT=15
NUMBER OF COMMAND=    8 ; THIS IS INSTRUCTION   1 OUT OF A TOTAL OF    0 *IRP * INSTRUCTIONS. UNIT=15

FP YIELD ADJUSTMENT FOR UNCONNECTED ACTINIDES: CONNECTED ACT=922350
LARGEST UNCONNECTED ACT=922340
NEW RATIO =  1.0005E+00
  OLD RATIO =  1.0000E+00
  FP YIELD AFTER ADJUSTMENT =  4.99185E-10   FP ID =  451020




TSEC= 8.640E+06 DELT= 8.640E+06 T1= 7.690E-07 EPF1= 2.018E+02 FDOT= 6.299E-03 EPF2= 2.474E+02 FDDOT=-1.190E-09 EPF3= 2.135E+02
T2= 1.609E-08 T4= 9.201E-09 T1M= 1.552E-04 T2M= 2.648E-06 T3M= 1.729E-06 EPFAVG= 2.024E+02 FLUX= 2.962E+14 POWER= 3.750E+01
T3=-1.197E-02AVG= 9.910E-01FISSR= 1.300E+06
 1.36446E+01 7.03607E+01 5.30000E+01 2.80869E-04     53 410920  20040
NUMBER OF COMMAND=    9 ; THIS IS INSTRUCTION   2 OUT OF A TOTAL OF    0 *IRP * INSTRUCTIONS. UNIT=15

FP YIELD ADJUSTMENT FOR UNCONNECTED ACTINIDES: CONNECTED ACT=922350
LARGEST UNCONNECTED ACT=922360
NEW RATIO =  1.0016E+00
  OLD RATIO =  1.0005E+00
  FP YIELD AFTER ADJUSTMENT =  1.48047E-19   FP ID =  451020




TSEC= 1.728E+07 DELT= 8.640E+06 T1= 7.608E-07 EPF1= 2.030E+02 FDOT=-1.951E-04 EPF2= 4.122E+01 FDDOT=-4.964E-10 EPF3= 2.164E+02
T2=-4.878E-10 T4= 3.575E-09 T1M= 1.544E-04 T2M=-4.875E-07 T3M= 6.826E-07 EPFAVG= 2.034E+02 FLUX= 2.973E+14 POWER= 3.750E+01
T3=-4.700E-03AVG= 1.005E+00FISSR= 1.314E+06
 1.36446E+01 7.03619E+01 5.30000E+01 2.80869E-04     53 410920  20040
NUMBER OF COMMAND=   10 ; THIS IS INSTRUCTION   3 OUT OF A TOTAL OF    0 *IRP * INSTRUCTIONS. UNIT=15

FP YIELD ADJUSTMENT FOR UNCONNECTED ACTINIDES: CONNECTED ACT=922350
LARGEST UNCONNECTED ACT=922360
NEW RATIO =  1.0035E+00
  OLD RATIO =  1.0016E+00
  FP YIELD AFTER ADJUSTMENT =  1.48857E-19   FP ID =  451020




TSEC= 2.592E+07 DELT= 8.640E+06 T1= 7.795E-07 EPF1= 2.038E+02 FDOT=-3.278E-03 EPF2= 1.731E+02 FDDOT=-1.985E-10 EPF3= 2.242E+02
T2=-8.606E-09 T4= 1.627E-09 T1M= 1.588E-04 T2M=-2.065E-06 T3M= 3.137E-07 EPFAVG= 2.041E+02 FLUX= 3.070E+14 POWER= 3.750E+01
T3=-2.088E-03AVG= 1.013E+00FISSR= 1.283E+06
 1.36446E+01 7.03722E+01 5.30000E+01 2.80869E-04     53 410920  20040
NUMBER OF COMMAND=   11 ; THIS IS INSTRUCTION   4 OUT OF A TOTAL OF    0 *IRP * INSTRUCTIONS. UNIT=15

THE FP YIELDS IN THE 1 COLUMN OF NFUDFP HAVE BEEN RETURNED TO THEIR ORIGINAL VALUES USING A DIVISOR OF 1.0034952

FP YIELD ADJUSTMENT FOR UNCONNECTED ACTINIDES: CONNECTED ACT=942390
LARGEST UNCONNECTED ACT=942400
NEW RATIO =  1.0144E+00
  OLD RATIO =  1.0000E+00
  FP YIELD AFTER ADJUSTMENT =  2.44292E-17   FP ID =  451020




TSEC= 3.456E+07 DELT= 8.640E+06 T1= 8.057E-07 EPF1= 2.045E+02 FDOT=-4.534E-03 EPF2= 1.848E+02 FDDOT=-6.167E-11 EPF3= 2.572E+02
T2=-1.271E-08 T4= 7.656E-10 T1M= 1.647E-04 T2M=-2.876E-06 T3M= 1.479E-07 EPFAVG= 2.048E+02 FLUX= 3.184E+14 POWER= 3.750E+01
T3=-9.502E-04AVG= 1.017E+00FISSR= 1.241E+06
 1.36446E+01 7.03844E+01 5.30000E+01 2.80869E-04     53 410920  20040
NUMBER OF COMMAND=   12 ; THIS IS INSTRUCTION   5 OUT OF A TOTAL OF    0 *DEC * INSTRUCTIONS. UNIT=15

TSEC= 4.320E+07 DELT= 8.640E+06
 1.36446E+01 7.00424E+01 5.30000E+01 2.80869E-04     53 410920  20040
NUMBER OF COMMAND=   13 ; THIS IS INSTRUCTION   6 OUT OF A TOTAL OF    0 *DEC * INSTRUCTIONS. UNIT=15

TSEC= 3.586E+08 DELT= 3.154E+08
 1.37435E+01 2.63827E+01 5.40000E+01 1.15715E-04     54 441060  20040
NUMBER OF COMMAND=   14 ; THIS IS INSTRUCTION   7 OUT OF A TOTAL OF    0 *DEC * INSTRUCTIONS. UNIT=15

TSEC= 6.350E+09 DELT= 5.992E+09
 1.20891E+01 5.52089E+01 4.80000E+01 1.29441E-04     48 892270  20040
NUMBER OF COMMAND=   15 ; THIS IS INSTRUCTION   2 OUT OF A TOTAL OF    2 *BUP * INSTRUCTIONS. UNIT=15
NUMBER OF COMMAND=   16 ; THIS IS INSTRUCTION   1 OUT OF A TOTAL OF    1 *OPTL* INSTRUCTIONS. UNIT=15
NUMBER OF COMMAND=   17 ; THIS IS INSTRUCTION   1 OUT OF A TOTAL OF    1 *OPTA* INSTRUCTIONS. UNIT=15
NUMBER OF COMMAND=   18 ; THIS IS INSTRUCTION   1 OUT OF A TOTAL OF    1 *OPTF* INSTRUCTIONS. UNIT=15
NUMBER OF COMMAND=   19 ; THIS IS INSTRUCTION   1 OUT OF A TOTAL OF    1 *OUT * INSTRUCTIONS. UNIT=15
NUMBER OF COMMAND=   20 ; THIS IS INSTRUCTION   0 OUT OF A TOTAL OF    0 *END * INSTRUCTIONS. UNIT=15
