
                  ***********************************************************
                  *                                                         *
                  *   OOOOO  RRRR   IIIII   GGGGG   EEEEE  N    N   22222   *
                  *   O   O  R   R    I    G        E      NN   N  22   22  *
                  *   O   O  RRRR     I    G    GG  EEEE   N NN N      22   *
                  *   O   O  R   R    I    G     G  E      N   NN   22      *
                  *   OOOOO  R   R  IIIII   GGGGGG  EEEEE  N    N  2222222  *
                  *                                                         *
                  *                  Version 2.2 (5-4-2002)                 *
                  *                                                         *
                  *                                                         *
                  *                  OOOOO    AA    K   K                   *
                  *                  O   O   A  A   K  K                    *
                  *                  O   O   AAAA   KKK                     *
                  *                  O   O   A  A   K  K                    *
                  *                  OOOOO   A  A   K   K                   *
                  *                                                         *
                  *          RRRR   III   DDDDD     GGGGG    EEEEE          *
                  *          R   R   I    D    D   G         E              *
                  *          RRRR    I    D    D   G    GG   EEEE           *
                  *          R   R   I    D    D   G     G   E              *
                  *          R   R  III   DDDDD     GGGGGG   EEEEE          *
                  *                                                         *
                  *   N    N   AA   TTTTT  III  OOOOO  N    N   AA   L      *
                  *   NN   N  A  A    T     I   O   O  NN   N  A  A  L      *
                  *   N NN N  AAAA    T     I   O   O  N NN N  AAAA  L      *
                  *   N   NN  A  A    T     I   O   O  N   NN  A  A  L      *
                  *   N    N  A  A    T    III  OOOOO  N    N  A  A  LLLLL  *
                  *                                                         *
                  * L     AA  BBBB  OOOO RRRR    AA  TTTTT OOOO RRRR  Y   Y *
                  * L    A  A B   B O  O R   R  A  A   T   O  O R   R  Y Y  *
                  * L    AAAA BBBB  O  O RRRR   AAAA   T   O  O RRRR    Y   *
                  * L    A  A B   B O  O R   R  A  A   T   O  O R   R   Y   *
                  * LLLL A  A BBBB  OOOO R   R  A  A   T   OOOO R   R   Y   *
                  *                                                         *
                  *                                                         *
                  *           RSIC CODE PACKAGE NUMBER (CCC-371)            *
                  *                                                         *
                  *  ORIGEN2 VERSION 2.2 (5-4-2002) UPDATES THE FOLLOWING:  *
                  *                                                         *
                  *           CCC-371(A) - MAINFRAMES                       *
                  *           CCC-371(E) - ALL PCS WITH WINDOWS             *
                  *                                                         *
                  *     ORIGEN2 RUN  DATE: 12/06/16    TIME 08:21:10        *
                  *                                                         *
                  *                                                         *
                  ***********************************************************
                                                                              OUTPUT UNIT =  6                        PAGE    1
ORIGEN2 V2.2 (5-4-2002), Run on 12/06/16    at 08:21:10

**********************************************************************************************************************************
**********************************************************************************************************************************
****************************** ORIGEN2:  A REVISED AND UPDATED VERSION OF THE ORIGEN COMPUTER CODE *******************************
**********************************************************************************************************************************
**********************************************************************************************************************************


INTRODUCTION
   THIS TEXT IS INTENDED TO BE A BRIEF OUTLINE OF THE ORIGEN2 COMPUTER CODE, WHICH IS A REVISED AND UPDATED VERSION OF THE      
   ORIGEN DOCUMENTED IN REPORT ORNL-4628 (MAY 1973).  INCLUDED HERE ARE A BRIEF DESCRIPTION OF THE FUNCTIONS OF ORIGEN2, A      
   LISTING OF THE MAJOR DATA SOURCES, A LISTING OF THE PUBLISHED DOCUMENTATION CONCERNING ORIGEN2, AND AN OUTLINE OF THE ORIGEN2
   OUTPUT ORGANIZATION.  ORIGEN2 IS AVAILABLE FROM THE ORNL RADIATION SHIELDING INFORMATION CENTER (RSIC) AT THE FOLLOWING      
   ADDRESS:                                                    
                            CODES COORDINATOR                       
                            RADIATION SHIELDING INFORMATION CENTER  
                            BLDG. 6025                              
                            OAK RIDGE NATIONAL LABORATORY           
                            OAK RIDGE, TENNESSEE  37830             
                            PHONE: (615) 574-6176                   
   QUESTIONS CONCERNING ORIGEN2 SHOULD BE ADDRESSED TO RSIC.   
DESCRIPTION        
   ORIGEN2 IS A REVISION AND UPDATE OF THE ORIGEN COMPUTER CODE. SPECIFICALLY, THE INPUT, OUTPUT, CONTROL, AND DATA BASE ASPECTS
    OF ORIGEN HAVE BEEN SIGNIFICANTLY REVISED AND UPDATED TO REFLECT CURRENT INFORMATION AND NEEDS.  IT SHOULD BE NOTED THAT THE
   MATHEMATICAL METHODS USED TO SOLVE THE NUCLIDE BUILDUP, DEPLETION, AND DECAY EQUATIONS ARE ESSENTIALLY UNCHANGED FROM THAT IN
   ORIGEN.  ORIGEN2 IS A COMPUTER CODE DESIGNED TO CALCULATE THE COMPOSITION AND CHARACTERISTICS OF NUCLEAR MATERIALS AS A      
   FUNCTION OF DECAY TIME AND THE CHANGES THE MATERIALS UNDERGO DURING VARIOUS FUEL CYCLE OPERATIONS.  INPUT AND OUTPUT FEATURES
   HAVE BEEN DESIGNED TO FACILITATE FLEXIBILITY IN THE TYPE OF CASES THAT CAN BE CONSIDERED AND IN CONTROLLING THE DETAIL OF THE
   OUTPUT.  FOR FURTHER INFORMATION, THE USER IS REFERRED TO THE DOCUMENTATION LISTED BELOW. 
MAJOR DATA SOURCES           
   VIRTUALLY ALL ASPECTS OF THE DATA INPUT TO ORIGEN2 HAVE BEEN UPDATED OR REVISED TO REFLECT CURRENT INFORMATION.  THE         
   PRINCIPAL SOURCES OF CROSS SECTION DATA WERE THE ENDF/B-IV, ENDF/B-V, AND LENDL COMPILATIONS.  DECAY AND PHOTON INFORMATION  
   WERE PRIMARILY BASED ON THE EVALUATED NUCLEAR STRUCTURE DATA FILE (ENSDF) AT ORNL AND ENDF/B-IV.  DATA CONCERNING REACTOR    
   AND FUEL CHARACTERISTICS WERE OBTAINED FROM REFERENCE SAFETY ANALYSIS REPORTS AND, WHERE POSSIBLE, THE COMMERCIAL REACTOR    
   VENDORS.
DOCUMENTATION                
   THE FOLLOWING ITEMS CONSTITUTE THE ORIGEN2 DOCUMENTATION PUBLISHED AS OF THE DATE OF THIS CODE PACKAGE:                      
        A.G. CROFF, "ORIGEN2 - A REVISED AND UPDATED VERSION OF THE OAK RIDGE ISOTOPE GENERATION AND DEPLETION CODE", ORNL-5621 
        (JULY 1980).        
        A.G. CROFF, "A USER'S MANUAL FOR THE ORIGEN2 COMPUTER CODE",  ORNL/TM-7175 (JULY 1980).                                 
        A.G. CROFF, M.A. BJERKE, G.W.MORRISON, AND L.M. PETRIE, "REVISED URANIUM-PLUTONIUM CYCLE PWR AND BWR MODELS FOR THE     
        ORIGEN COMPUTER CODE", ORNL/TM-6051 (SEPTEMBER 1978).       
        A.G. CROFF AND M.A. BJERKE, "ALTERNATIVE FUEL CYCLE PWR MODELS FOR THE ORIGEN COMPUTER CODE", ORNL/TM-7005 (FEB 1980).  
        A.G. CROFF, R.L. HAESE, AND N.B. GOVE, "UPDATED DECAY AND PHOTON LIBRARIES FOR THE ORIGEN CODE", ORNL/TM-6055 (FEB 1979)
        A.G. CROFF, "ORIGEN2: A REVISED AND UPDATED VERSION OF ORIGEN", TRANS. AM. NUCL. SOC., VOL. 34, P. 349-50 (JUNE 1980).  
                                                                              OUTPUT UNIT =  6                        PAGE    2
ORIGEN2 V2.2 (5-4-2002), Run on 12/06/16    at 08:21:10

**********************************************************************************************************************************
**********************************************************************************************************************************
****************************** ORIGEN2:  A REVISED AND UPDATED VERSION OF THE ORIGEN COMPUTER CODE *******************************
**********************************************************************************************************************************
**********************************************************************************************************************************

ORGANIZATION OF ORIGEN2 OUTPUT    
   PAST EXPERIENCE HAS INDICATED THAT MANY USERS ENCOUNTER CONSIDERABLE DIFFICULTY IN FINDING THE DESIRED INFORMATION IN A      
   ORIGEN2 OUT PUT WHICH IS SOMETIMES RATHER MASSIVE.  THIS SECTION IS INTENDED AS A BRIEF OUTLINE OF THE ORGANIZATION OF       
   ORIGEN2 OUTPUT.  FOR DETAILS REFER TO THE USER'S MANUAL (ORNL/TM-7175, SECT. 8.2).  THE ORIGEN2 OUTPUT IS EXTREMELY          
   HIERARCHICAL, AND IS ORGANIZED AS FOLLOWS:   

        CARD INPUT ECHO 
        MISCELLANEOUS INPUT DATA (NEUTRON YIELDS, REPROCESSING LOSSES,ELEMENT CHEMICAL TOXICITIES                               
        LISTING OF ORIGEN2 COMMANDS CURRENTLY BEING EXECUTED
        LISTING OF ORIGEN2 DATA LIBRARIES (IF SPECIFIED)  
          DECAY LIBRARY
            ACTIVATION PRODUCTS
            ACTINIDES
            FISSION PRODUCTS
          CROSS SECTION/FISSION PRODUCT YIELD LIBRARY 
            ACTIVATION PRODUCTS, ACTINIDES, AND FISSION PRODUCTS 
          PHOTON LIBRARY
            ACTIVATION PRODUCTS, ACTINIDES, AND FISSION PRODUCTS 
        OUTPUT 1 
          REACTIVITY AND BURNUP DATA
          ACTIVATION PRODUCT TABLES
            GRAM TABLES (NUCLIDE, ELEMENT, NUCLIDE SUMMARY, ELEMENT SUMMARY) 
            CURIE TABLES (NUCLIDE, ELEMENT, NUCLIDE SUMMARY, ELEMENT SUMMARY)  
            ETC. (DEPENDING ON THE OUTPUT OPTIONS SPECIFIED, MANY OF THESE TABLES MAY BE OMITTED 
             .
             .
          ACTINIDE TABLES
            SAME SUBHEADINGS POSSIBLE AS UNDER ACTIVATION PRODUCT TABLES                                       
          FISSION PRODUCT TABLES 
            SAME SUBHEADINGS POSSIBLE AS UNDER ACTIVATION PRODUCT TABLES                                       
          NEUTRON PRODUCTION RATE TABLES: (ALPHA,N) AND SPONTANEOUS FISSION                                  
          PHOTON TABLES
            ACTIVATION PRODUCTS (SUMMATION AND PRINCIPAL CONTRIBUTORS)   
            ACTINIDES (SUMMATION AND PRINCIPAL CONTRIBUTORS)             
            FISSION PRODUCTS (SUMMATION AND PRINCIPAL CONTRIBUTORS)      
        OUTPUT 2    
          SAME GENERAL CONTENT AND ORDER AS OUTPUT 1        
         .
         .
         .
        OUTPUT N  
          SAME GENERAL CONTENT AND ORDER AS OUTPUT 1        
        TABLE OF CONTENTS (UNIT 12) FOR THE ABOVE (UNIT 6) OUTPUT   
        VARIABLE CROSS SECTION INFORMATION OUTPUT (UNIT 16)         
        DEBUGGING AND OTHER INTERNAL INFORMATION OUTPUT (UNIT 15)   

   THE SCENARIO LISTED ABOVE CONSTITUTES A TYPICAL ORIGEN2 OUTPUT FOR MANY CASES.  ONE POSSIBLE MODIFICATION IS THE USE OF AN   
   STP COMMAND TO EXECUTE AN ADDITIONAL SET OF INSTRUCTIONS AFTER THE FIRST SET HAS BEEN EXECUTED.  IF THIS IS DONE, THE OUTPUT 
   WILL BEGIN WITH "MISCELLANEOUS INPUT DATA" IF NSTP=1, "ORIGEN2COMMANDS CURRENTLY BEING EXECUTED" IF NSTP=2, OR "OUTPUT 1"    
   FOR NSTP=3.  ANOTHER OFTEN-USED OPTION IS TO EMPLOY BOTH THE PRIMARY (UNIT 6) AND ALTERNATE (UNIT 11) OUTPUT UNITS.  IF BOTH 
   ARE ROUTED TO PAPER, THE TABLE OF CONTENTS FOR UNIT 11, WHICH IS ON UNIT 13, WILL IMMEDIATELY FOLLOW THE DEBUGGING AND       
   INTERNAL INFORMATION (UNIT 15) OUTPUT.  THE "OUTPUT N" TABLES FOR UNIT 11 WILL BE PRINTED FOLLOWING THE TABLE OF CONTENTS.   
                                                                                                                      PAGE    3
ORIGEN2 V2.2 (5-4-2002), Run on 12/06/16    at 08:21:10
LISTING OF INPUT DATA ON UNIT = 5

INPUT   WRITE     CARD                                    CARD IMAGE
UNIT    UNIT      NUMBER
   5      50           1    -1                                                                              
   5      50           2    -1                                                                              
   5      50           3    -1                                                                              
   5      50           4      RDA  Irradiation of 1 MT of PWR fuel                                          
   5      50           5      RDA  Fuel enrichment is 3.0 w/o U-235                                         
   5      50           6      RDA                                                                           
   5      50           7      LPU -1                                                                        
   5      50           8      LPU -1                                                                        
   5      50           9      LPU -1                                                                        
   5      50          10      LPU -1                                                                        
   5      50          11      LPU 922350 922380 942390 942400 942410  -1                                    
   5      50          12      LIB  0  -1 -2 -3  -601 -602 603  9  8 0 1 38                                  
   5      50          13      PHO     101 102 103  10                                                       
   5      50          14      INP  1   1  -1  -1   1   1                                                    
   5      50          15      BUP                                                                           
   5      50          16      IRP 100.0 37.5 1 2 4 2 BURNUP=3,750 MWD/MT                                    
   5      50          17      IRP 200.0 37.5 2 3 4 0 BURNUP=7,500 MWD/MT                                    
   5      50          18      IRP 300.0 37.5 3 4 4 0 BURNUP=11,250 MWD/MT                                   
   5      50          19      IRP 400.0 37.5 4 5 4 0 BURNUP=15,000 MWD/MT                                   
   5      50          20      DEC 500.0      5 6 4 0 DECAY FOR 100.0 DAYS                                   
   5      50          21      DEC 4150.0     6 7 4 0 DECAY FOR 10 YEARS                                     
   5      50          22      DEC 73500.0    7 8 4 0 DECAY FOR 200.0 YEARS                                  
   5      50          23      BUP                                                                           
   5      50          24      OPTL 24*8                                                                     
   5      50          25      OPTA 4*8 5 19*8                                                               
   5      50          26      OPTF 4*8 5 19*8                                                               
   5      50          27      OUT     8   1  -1   0                                                         
   5      50          28      END                                                                           
   5      50          29    2 922340 270. 922350 30000. 922380 969730. 0 0.0                                
   5      50          30    0                                                                               
                                                                              OUTPUT UNIT =  6                        PAGE    4
ORIGEN2 V2.2 (5-4-2002), Run on 12/06/16    at 08:21:10
NEUTRON YIELD PER NEUTRON-INDUCED FISSION

    NUCLIDE     YIELD     NUCLIDE     YIELD     NUCLIDE     YIELD     NUCLIDE     YIELD     NUCLIDE     YIELD     NUCLIDE     YIELD

      832090    0.0000      882230    0.0000      882260    0.0000      882280    0.0000      892270    0.0000      902270    0.0000

      902280    0.0000      902290    2.0490      902300    0.0000      902320    2.4180      902330    0.0000      902340    0.0000

      912310    0.0000      912320    0.0000      912330    2.6630      912341    0.0000      912340    0.0000      922300    0.0000

      922310    0.0000      922320    0.0000      922330    2.4990      922340    2.6310      922350    2.4210      922360    2.7340

      922370    0.0000      922380    2.8010      922390    0.0000      922400    0.0000      932360    0.0000      932370    3.0050

      932380    0.0000      932390    0.0000      942360    2.8700      942370    0.0000      942380    2.8330      942390    2.8750

      942400    3.1350      942410    2.9340      942420    3.2800      942430    0.0000      952410    3.2770      952421    3.1620

      952420    3.3600      952430    3.7320      952441    0.0000      952440    0.0000      962420    3.7460      962430    3.4340

      962440    3.7250      962450    3.8320      962460    3.8580      962470    3.5920      962480    3.7960      962490    0.0000

      972490    3.7600      982490    4.0620      982500    3.9700      982510    4.1400      982520    4.1260      982530    4.1500

      982540    0.0000      992530    0.0000      992541    0.0000      992540    0.0000           0    0.0000           0    0.0000
                                                                              OUTPUT UNIT =  6                        PAGE    5
ORIGEN2 V2.2 (5-4-2002), Run on 12/06/16    at 08:21:10
SPONTANEOUS FISSION NEUTRON YIELD, NEUT/FISSION

NUCLIDE             NUCLIDE             NUCLIDE             NUCLIDE             NUCLIDE             NUCLIDE
922350    1.6950    922360    1.6500    922370    1.8720    922380    2.0000    922390    2.0480    932361    1.7900
932360    1.7830    932370    1.8730    932380    1.9630    932390    2.0530    942360    2.2200    942370    1.8860
942380    2.2800    942390    2.2400    942400    2.1600    942410    2.2500    942420    2.1500    942430    2.4300
942440    2.3000    952400    2.2900    952410    2.3830    952420    2.4750    952421    2.5900    952430    2.5200
952440    2.6570    952441    2.6650    962410    2.5000    962420    2.5900    962430    2.6870    962440    2.7600
962450    2.8720    962460    3.0000    962480    3.3200    962500    3.5600    972490    3.7200    982490    3.4400
982500    3.5600    982520    3.7250    982540    3.9000    992530    3.9200    992540    4.0400    992550    4.1600

THE REMAINING NEUTRON YIELDS ARE CALCULATED FROM THE EQUATION: NEUT/FISS=(2.84+0.1225*(AT WT-244)
                                                                              OUTPUT UNIT =  6                        PAGE    6
ORIGEN2 V2.2 (5-4-2002), Run on 12/06/16    at 08:21:10
INDIVIDUAL ELEMENT FRACTIONAL RECOVERIES

  ELEMENT   SET NUMBER  SET NUMBER  SET NUMBER  SET NUMBER  SET NUMBER  SET NUMBER  SET NUMBER  SET NUMBER  SET NUMBER  SET NUMBER 
                1           2           3           4           5           6           7           8           9           10
     1      0.0000000   0.0000000   0.0005000   0.0000000   1.0000000   1.0000000   0.0000000   0.0000000   0.9000000   1.0000000
     2      0.0000000   0.0000000   0.0005000   0.0000000   1.0000000   1.0000000   0.0000000   0.0000000   0.0000000   1.0000000
     3      0.0000000   1.0000000   0.0005000   0.0000000   1.0000000   1.0000000   1.0000000   0.0000000   0.0000000   1.0000000
     4      0.0000000   1.0000000   0.0005000   0.0000000   1.0000000   1.0000000   1.0000000   0.0000000   0.0000000   1.0000000
     5      0.0000000   1.0000000   0.0005000   0.0000000   1.0000000   1.0000000   1.0000000   0.0000000   0.0000000   1.0000000
     6      0.0000000   0.0000000   0.0005000   0.0000000   1.0000000   1.0000000   0.0000000   0.0000000   0.0000000   1.0000000
     7      0.0000000   0.0000000   0.0005000   0.0000000   1.0000000   1.0000000   0.0000000   0.0000000   0.0000000   1.0000000
     8      0.0000000   1.0000000   0.0005000   0.0000000   1.0000000   1.0000000   1.0000000   0.0000000   0.0000000   1.0000000
     9      0.0000000   0.0010000   0.0005000   0.0000000   1.0000000   1.0000000   1.0000000   0.0000000   0.0000000   1.0000000
    10      0.0000000   0.0000000   0.0005000   0.0000000   1.0000000   1.0000000   0.0000000   0.0000000   0.0000000   1.0000000
    11      0.0000000   1.0000000   0.0005000   0.0000000   1.0000000   1.0000000   1.0000000   0.0000000   0.0000000   1.0000000
    12      0.0000000   1.0000000   0.0005000   0.0000000   1.0000000   1.0000000   1.0000000   0.0000000   0.0000000   1.0000000
    13      0.0000000   1.0000000   0.0005000   0.0000000   1.0000000   1.0000000   1.0000000   0.0000000   0.0000000   1.0000000
    14      0.0000000   1.0000000   0.0005000   0.0000000   1.0000000   1.0000000   1.0000000   0.0000000   0.0000000   1.0000000
    15      0.0000000   1.0000000   0.0005000   0.0000000   1.0000000   1.0000000   1.0000000   0.0000000   0.0000000   1.0000000
    16      0.0000000   1.0000000   0.0005000   0.0000000   1.0000000   1.0000000   1.0000000   0.0000000   0.0000000   1.0000000
    17      0.0000000   0.0010000   0.0005000   0.0000000   1.0000000   1.0000000   1.0000000   0.0000000   0.0000000   1.0000000
    18      0.0000000   0.0000000   0.0005000   0.0000000   1.0000000   1.0000000   0.0000000   0.0000000   0.0000000   1.0000000
    19      0.0000000   1.0000000   0.0005000   0.0000000   1.0000000   1.0000000   1.0000000   0.0000000   0.0000000   1.0000000
    20      0.0000000   1.0000000   0.0005000   0.0000000   1.0000000   1.0000000   1.0000000   0.0000000   0.0000000   1.0000000
    21      0.0000000   1.0000000   0.0005000   0.0000000   1.0000000   1.0000000   1.0000000   0.0000000   0.0000000   1.0000000
    22      0.0000000   1.0000000   0.0005000   0.0000000   1.0000000   1.0000000   1.0000000   0.0000000   0.0000000   1.0000000
    23      0.0000000   1.0000000   0.0005000   0.0000000   1.0000000   1.0000000   1.0000000   0.0000000   0.0000000   1.0000000
    24      0.0000000   1.0000000   0.0005000   0.0000000   1.0000000   1.0000000   1.0000000   0.0000000   0.0000000   1.0000000
    25      0.0000000   1.0000000   0.0005000   0.0000000   1.0000000   1.0000000   1.0000000   0.0000000   0.0000000   1.0000000
    26      0.0000000   1.0000000   0.0005000   0.0000000   1.0000000   1.0000000   1.0000000   0.0000000   0.0000000   1.0000000
    27      0.0000000   1.0000000   0.0005000   0.0000000   1.0000000   1.0000000   1.0000000   0.0000000   0.0000000   1.0000000
    28      0.0000000   1.0000000   0.0005000   0.0000000   1.0000000   1.0000000   1.0000000   0.0000000   0.0000000   1.0000000
    29      0.0000000   1.0000000   0.0005000   0.0000000   1.0000000   1.0000000   1.0000000   0.0000000   0.0000000   1.0000000
    30      0.0000000   1.0000000   0.0005000   0.0000000   1.0000000   1.0000000   1.0000000   0.0000000   0.0000000   1.0000000
    31      0.0000000   1.0000000   0.0005000   0.0000000   1.0000000   1.0000000   1.0000000   0.0000000   0.0000000   1.0000000
    32      0.0000000   1.0000000   0.0005000   0.0000000   1.0000000   1.0000000   1.0000000   0.0000000   0.0000000   1.0000000
    33      0.0000000   1.0000000   0.0005000   0.0000000   1.0000000   1.0000000   1.0000000   0.0000000   0.0000000   1.0000000
    34      0.0000000   1.0000000   0.0005000   0.0000000   1.0000000   1.0000000   1.0000000   0.0000000   0.0000000   1.0000000
    35      0.0000000   0.0010000   0.0005000   0.0000000   1.0000000   1.0000000   1.0000000   0.0000000   0.0000000   1.0000000
    36      0.0000000   0.0000000   0.0005000   0.0000000   1.0000000   1.0000000   0.0000000   0.0000000   0.0000000   1.0000000
    37      0.0000000   1.0000000   0.0005000   0.0000000   1.0000000   1.0000000   1.0000000   0.0000000   0.0000000   1.0000000
    38      0.0000000   1.0000000   0.0005000   0.0000000   1.0000000   1.0000000   1.0000000   0.0000000   0.0000000   1.0000000
    39      0.0000000   1.0000000   0.0005000   0.0000000   1.0000000   1.0000000   1.0000000   0.0000000   0.0000000   1.0000000
    40      0.0000000   1.0000000   0.0005000   0.0000000   1.0000000   1.0000000   1.0000000   0.0000000   0.0000000   1.0000000
    41      0.0000000   1.0000000   0.0005000   0.0000000   1.0000000   1.0000000   1.0000000   0.0000000   0.0000000   1.0000000
    42      0.0000000   1.0000000   0.0005000   0.0000000   1.0000000   1.0000000   1.0000000   0.0000000   0.0000000   1.0000000
    43      0.0000000   1.0000000   0.0005000   0.0000000   1.0000000   1.0000000   1.0000000   0.0000000   0.0000000   1.0000000
    44      0.0000000   1.0000000   0.0005000   0.0000000   1.0000000   1.0000000   1.0000000   0.0000000   0.0000000   1.0000000
    45      0.0000000   1.0000000   0.0005000   0.0000000   1.0000000   1.0000000   1.0000000   0.0000000   0.0000000   1.0000000
    46      0.0000000   1.0000000   0.0005000   0.0000000   1.0000000   1.0000000   1.0000000   0.0000000   0.0000000   1.0000000
    47      0.0000000   1.0000000   0.0005000   0.0000000   1.0000000   1.0000000   1.0000000   0.0000000   0.0000000   1.0000000
    48      0.0000000   1.0000000   0.0005000   0.0000000   1.0000000   1.0000000   1.0000000   0.0000000   0.0000000   1.0000000
    49      0.0000000   1.0000000   0.0005000   0.0000000   1.0000000   1.0000000   1.0000000   0.0000000   0.0000000   1.0000000
                                                                              OUTPUT UNIT =  6                        PAGE    7
ORIGEN2 V2.2 (5-4-2002), Run on 12/06/16    at 08:21:10
INDIVIDUAL ELEMENT FRACTIONAL RECOVERIES

  ELEMENT   SET NUMBER  SET NUMBER  SET NUMBER  SET NUMBER  SET NUMBER  SET NUMBER  SET NUMBER  SET NUMBER  SET NUMBER  SET NUMBER 
                1           2           3           4           5           6           7           8           9           10
    50      0.0000000   1.0000000   0.0005000   0.0000000   1.0000000   1.0000000   1.0000000   0.0000000   0.0000000   1.0000000
    51      0.0000000   1.0000000   0.0005000   0.0000000   1.0000000   1.0000000   1.0000000   0.0000000   0.0000000   1.0000000
    52      0.0000000   1.0000000   0.0005000   0.0000000   1.0000000   1.0000000   1.0000000   0.0000000   0.0000000   1.0000000
    53      0.0000000   0.0010000   0.0005000   0.0000000   1.0000000   1.0000000   1.0000000   0.0000000   0.0000000   1.0000000
    54      0.0000000   0.0000000   0.0005000   0.0000000   1.0000000   1.0000000   0.0000000   0.0000000   0.0000000   1.0000000
    55      0.0000000   1.0000000   0.0005000   0.0000000   1.0000000   1.0000000   1.0000000   0.0000000   0.0000000   1.0000000
    56      0.0000000   1.0000000   0.0005000   0.0000000   1.0000000   1.0000000   1.0000000   0.0000000   0.0000000   1.0000000
    57      0.0000000   1.0000000   0.0005000   0.0000000   1.0000000   1.0000000   1.0000000   0.0000000   0.0000000   1.0000000
    58      0.0000000   1.0000000   0.0005000   0.0000000   1.0000000   1.0000000   1.0000000   0.0000000   0.0000000   1.0000000
    59      0.0000000   1.0000000   0.0005000   0.0000000   1.0000000   1.0000000   1.0000000   0.0000000   0.0000000   1.0000000
    60      0.0000000   1.0000000   0.0005000   0.0000000   1.0000000   1.0000000   1.0000000   0.0000000   0.0000000   1.0000000
    61      0.0000000   1.0000000   0.0005000   0.0000000   1.0000000   1.0000000   1.0000000   0.0000000   0.0000000   1.0000000
    62      0.0000000   1.0000000   0.0005000   0.0000000   1.0000000   1.0000000   1.0000000   0.0000000   0.0000000   1.0000000
    63      0.0000000   1.0000000   0.0005000   0.0000000   1.0000000   1.0000000   1.0000000   0.0000000   0.0000000   1.0000000
    64      0.0000000   1.0000000   0.0005000   0.0000000   1.0000000   1.0000000   1.0000000   0.0000000   0.0000000   1.0000000
    65      0.0000000   1.0000000   0.0005000   0.0000000   1.0000000   1.0000000   1.0000000   0.0000000   0.0000000   1.0000000
    66      0.0000000   1.0000000   0.0005000   0.0000000   1.0000000   1.0000000   1.0000000   0.0000000   0.0000000   1.0000000
    67      0.0000000   1.0000000   0.0005000   0.0000000   1.0000000   1.0000000   1.0000000   0.0000000   0.0000000   1.0000000
    68      0.0000000   1.0000000   0.0005000   0.0000000   1.0000000   1.0000000   1.0000000   0.0000000   0.0000000   1.0000000
    69      0.0000000   1.0000000   0.0005000   0.0000000   1.0000000   1.0000000   1.0000000   0.0000000   0.0000000   1.0000000
    70      0.0000000   1.0000000   0.0005000   0.0000000   1.0000000   1.0000000   1.0000000   0.0000000   0.0000000   1.0000000
    71      0.0000000   1.0000000   0.0005000   0.0000000   1.0000000   1.0000000   1.0000000   0.0000000   0.0000000   1.0000000
    72      0.0000000   1.0000000   0.0005000   0.0000000   1.0000000   1.0000000   1.0000000   0.0000000   0.0000000   1.0000000
    73      0.0000000   1.0000000   0.0005000   0.0000000   1.0000000   1.0000000   1.0000000   0.0000000   0.0000000   1.0000000
    74      0.0000000   1.0000000   0.0005000   0.0000000   1.0000000   1.0000000   1.0000000   0.0000000   0.0000000   1.0000000
    75      0.0000000   1.0000000   0.0005000   0.0000000   1.0000000   1.0000000   1.0000000   0.0000000   0.0000000   1.0000000
    76      0.0000000   1.0000000   0.0005000   0.0000000   1.0000000   1.0000000   1.0000000   0.0000000   0.0000000   1.0000000
    77      0.0000000   1.0000000   0.0005000   0.0000000   1.0000000   1.0000000   1.0000000   0.0000000   0.0000000   1.0000000
    78      0.0000000   1.0000000   0.0005000   0.0000000   1.0000000   1.0000000   1.0000000   0.0000000   0.0000000   1.0000000
    79      0.0000000   1.0000000   0.0005000   0.0000000   1.0000000   1.0000000   1.0000000   0.0000000   0.0000000   1.0000000
    80      0.0000000   1.0000000   0.0005000   0.0000000   1.0000000   1.0000000   1.0000000   0.0000000   0.0000000   1.0000000
    81      0.0000000   1.0000000   0.0005000   0.0000000   1.0000000   1.0000000   1.0000000   0.0000000   0.0000000   1.0000000
    82      0.0000000   1.0000000   0.0005000   0.0000000   1.0000000   1.0000000   1.0000000   0.0000000   0.0000000   1.0000000
    83      0.0000000   1.0000000   0.0005000   0.0000000   1.0000000   1.0000000   1.0000000   0.0000000   0.0000000   1.0000000
    84      0.0000000   1.0000000   0.0005000   0.0000000   1.0000000   1.0000000   1.0000000   0.0000000   0.0000000   1.0000000
    85      0.0000000   1.0000000   0.0005000   0.0000000   1.0000000   1.0000000   1.0000000   0.0000000   0.0000000   1.0000000
    86      0.0000000   0.0000000   0.0005000   0.0000000   1.0000000   1.0000000   0.0000000   0.0000000   0.0000000   1.0000000
    87      0.0000000   1.0000000   0.0005000   0.0000000   1.0000000   1.0000000   1.0000000   0.0000000   0.0000000   1.0000000
    88      0.0000000   1.0000000   0.0005000   0.0000000   1.0000000   1.0000000   1.0000000   0.0000000   0.0000000   1.0000000
    89      0.0000000   1.0000000   0.0005000   0.0000000   1.0000000   1.0000000   1.0000000   0.0000000   0.0000000   1.0000000
    90      0.0000000   1.0000000   0.0005000   0.0000000   1.0000000   1.0000000   1.0000000   0.0000000   0.0000000   1.0000000
    91      0.0000000   1.0000000   0.0005000   0.0000000   1.0000000   1.0000000   1.0000000   0.0000000   0.0000000   1.0000000
    92      0.9950000   1.0000000   0.0005000   0.9990000   1.0000000   0.2000000   0.6000000   1.0000000   0.0000000   1.0000000
    93      0.0000000   1.0000000   0.0005000   0.0000000   0.0500000   0.0500000   0.0000000   0.0000000   0.0000000   1.0000000
    94      0.9950000   1.0000000   0.0005000   0.9999000   1.0000000   0.0200000   0.0000000   0.0000000   0.0000000   1.0000000
    95      0.0000000   1.0000000   0.0005000   0.0000000   0.0010000   0.0010000   0.0000000   0.0000000   0.0000000   1.0000000
    96      0.0000000   1.0000000   0.0005000   0.0000000   0.0010000   0.0010000   0.0000000   0.0000000   0.0000000   1.0000000
    97      0.0000000   1.0000000   0.0005000   0.0000000   0.0010000   0.0010000   0.0000000   0.0000000   0.0000000   1.0000000
    98      0.0000000   1.0000000   0.0005000   0.0000000   0.0010000   0.0010000   0.0000000   0.0000000   0.0000000   1.0000000
    99      0.0000000   1.0000000   0.0005000   0.0000000   0.0010000   0.0010000   0.0000000   0.0000000   0.0000000   1.0000000
                                                                              OUTPUT UNIT =  6                        PAGE    8
ORIGEN2 V2.2 (5-4-2002), Run on 12/06/16    at 08:21:10
GROUP FRACTIONAL RECOVERIES

   GROUP     SET NUMBER  SET NUMBER  SET NUMBER  SET NUMBER  SET NUMBER  SET NUMBER  SET NUMBER  SET NUMBER  SET NUMBER  SET NUMBER 
                1           2           3           4           5           6           7           8           9           10
     1      0.0000000   1.0000000   0.0005000   0.0000000   1.0000000   1.0000000   1.0000000   0.0000000   0.0000000   0.0000000
     2      0.0000000   1.0000000   0.0005000   0.0000000   1.0000000   1.0000000   0.0000000   0.0000000   0.0000000   0.0000000
     3      0.0000000   1.0000000   0.0005000   0.0000000   1.0000000   1.0000000   0.0000000   0.0000000   0.0000000   0.0000000
     4      0.9950000   1.0000000   0.0005000   0.9990000   1.0000000   0.2000000   0.6000000   1.0000000   0.0000000   0.0000000
     5      0.0000000   1.0000000   0.0005000   0.0000000   0.0500000   0.0500000   0.0000000   0.0000000   0.0000000   0.0000000
     6      0.9950000   1.0000000   0.0005000   0.9999000   1.0000000   0.0200000   0.0000000   0.0000000   0.0000000   0.0000000
     7      0.0000000   1.0000000   0.0005000   0.0000000   0.0010000   0.0010000   0.0000000   0.0000000   0.0000000   0.0000000
     8      0.0000000   1.0000000   0.0005000   0.0000000   0.0010000   0.0010000   0.0000000   0.0000000   0.0000000   0.0000000
     9      0.0000000   1.0000000   0.0005000   0.0000000   0.0010000   0.0010000   0.0000000   0.0000000   0.0000000   0.0000000
    10      0.0000000   1.0000000   0.0005000   0.0000000   0.0010000   0.0010000   0.0000000   0.0000000   0.0000000   0.0000000
    11      0.0000000   1.0000000   0.0005000   0.0000000   0.0010000   0.0010000   0.0000000   0.0000000   0.0000000   0.0000000
    12      0.0000000   0.0010000   0.0005000   0.0000000   1.0000000   1.0000000   1.0000000   0.0000000   0.0000000   0.0000000
    13      0.0000000   0.0000000   0.0005000   0.0000000   1.0000000   1.0000000   0.0000000   0.0000000   0.0000000   0.0000000
    14      0.0000000   0.0000000   0.0005000   0.0000000   1.0000000   1.0000000   0.0000000   0.0000000   0.9000000   0.0000000
    15      0.0000000   0.0000000   0.0000000   0.0000000   0.0000000   0.0000000   0.0000000   0.0000000   0.0000000   0.0000000
    16      0.0000000   0.0000000   0.0000000   0.0000000   0.0000000   0.0000000   0.0000000   0.0000000   0.0000000   0.0000000
    17      0.0000000   0.0000000   0.0000000   0.0000000   0.0000000   0.0000000   0.0000000   0.0000000   0.0000000   0.0000000
    18      0.0000000   0.0000000   0.0000000   0.0000000   0.0000000   0.0000000   0.0000000   0.0000000   0.0000000   0.0000000
    19      0.0000000   0.0000000   0.0000000   0.0000000   0.0000000   0.0000000   0.0000000   0.0000000   0.0000000   0.0000000
    20      0.0000000   0.0000000   0.0000000   0.0000000   0.0000000   0.0000000   0.0000000   0.0000000   0.0000000   0.0000000
                                                                              OUTPUT UNIT =  6                        PAGE    9
ORIGEN2 V2.2 (5-4-2002), Run on 12/06/16    at 08:21:10
ELEMENT ASSIGNMENTS TO FRACTIONAL RECOVERY GROUPS

 ELEM GROUP    ELEM GROUP    ELEM GROUP    ELEM GROUP    ELEM GROUP    ELEM GROUP    ELEM GROUP    ELEM GROUP    ELEM GROUP   
   1   14        2   13        3    1        4    1        5    1        6   13        7   13        8    1        9   12
  10   13       11    1       12    1       13    1       14    1       15    1       16    1       17   12       18   13
  19    1       20    1       21    1       22    1       23    1       24    1       25    1       26    1       27    1
  28    1       29    1       30    1       31    1       32    1       33    1       34    1       35   12       36   13
  37    1       38    1       39    1       40    1       41    1       42    1       43    1       44    1       45    1
  46    1       47    1       48    1       49    1       50    1       51    1       52    1       53   12       54   13
  55    1       56    1       57    1       58    1       59    1       60    1       61    1       62    1       63    1
  64    1       65    1       66    1       67    1       68    1       69    1       70    1       71    1       72    1
  73    1       74    1       75    1       76    1       77    1       78    1       79    1       80    1       81    1
  82    1       83    1       84    1       85    1       86   13       87    1       88    1       89    1       90    2
  91    3       92    4       93    5       94    6       95    7       96    8       97    9       98   10       99   11
                                                                              OUTPUT UNIT =  6                        PAGE   10
ORIGEN2 V2.2 (5-4-2002), Run on 12/06/16    at 08:21:10
                                      CHEMICAL TOXICITIES, GRAMS PER M**3 WATER


NUCLIDE   TOXICITY  NUCLIDE   TOXICITY  NUCLIDE   TOXICITY  NUCLIDE   TOXICITY  NUCLIDE   TOXICITY  NUCLIDE   TOXICITY
     1   3.50E+03        2   2.00E-01        3   5.00E+00        4   1.00E+00        5   1.00E+00        6   4.00E+02
     7   1.00E-02        8   9.45E+05        9   1.00E+00       10   1.00E+00       11   1.00E+03       12   1.00E+01
    13   1.00E-02       14   5.00E+00       15   1.00E-02       16   5.00E+01       17   1.50E-01       18   1.00E+01
    19   1.00E+03       20   3.00E+01       21   5.00E-01       22   1.00E-01       23   1.00E-01       24   2.00E-02
    25   1.00E-02       26   5.00E-02       27   5.00E-02       28   5.00E-02       29   1.00E-02       30   5.00E-02
    31   2.00E-01       32   5.00E-01       33   1.00E-02       34   1.00E-02       35   3.00E+00       36   4.00E+01
    37   5.00E+01       38   1.00E+01       39   1.00E-03       40   1.00E+00       41   2.00E-02       42   5.00E-01
    43   1.00E+02       44   1.00E+00       45   5.00E-02       46   5.00E-02       47   1.00E-03       48   1.00E-02
    49   2.00E-02       50   5.00E-02       51   5.00E-02       52   2.00E-01       53   1.00E+01       54   1.50E+02
    55   5.00E+00       56   5.00E-01       57   1.00E+00       58   2.00E+00       59   1.00E+00       60   2.00E-01
    61   1.00E+00       62   2.00E-01       63   2.00E-01       64   2.00E-01       65   5.00E-01       66   1.00E+00
    67   1.00E+00       68   1.00E-01       69   2.00E-01       70   1.00E-01       71   1.00E-01       72   5.00E-02
    73   1.00E+00       74   1.00E+02       75   1.00E+01       76   1.00E+00       77   8.00E-01       78   3.00E-01
    79   2.00E-02       80   2.00E-03       81   5.00E-03       82   1.00E-02       83   1.00E-01       84   2.00E-01
    85   1.00E+01       86   5.00E+02       87   5.00E+00       88   1.00E-03       89   2.00E-02       90   5.00E-04
    91   5.00E-03       92   5.00E-01       93   8.00E-03       94   8.00E-04       95   4.00E-02       96   5.00E-01
    97   5.00E-03       98   1.00E-02       99   1.00E-02
                                                                              OUTPUT UNIT =  6                        PAGE   11
ORIGEN2 V2.2 (5-4-2002), Run on 12/06/16    at 08:21:10
   1    0 RDA  *  RDA  Irradiation of 1 MT of PWR fuel                                          *
   2    0 RDA  *  RDA  Fuel enrichment is 3.0 w/o U-235                                         *
   3    0 RDA  *  RDA                                                                           *
   4    0 LPU  *  LPU -1                                                                        *
   5    0 LPU  *  LPU -1                                                                        *
   6    0 LPU  *  LPU -1                                                                        *
   7    0 LPU  *  LPU -1                                                                        *
   8    0 LPU  *  LPU 922350 922380 942390 942400 942410  -1                                    *
   9    0 LIB  *  LIB  0  -1 -2 -3  -601 -602 603  9  8 0 1 38                                  *
  10    0 PHO  *  PHO     101 102 103  10                                                       *
  11    0 INP  *  INP  1   1  -1  -1   1   1                                                    *
  12    0 BUP  *  BUP                                                                           *
  13    0 IRP  *  IRP 100.0 37.5 1 2 4 2 BURNUP=3,750 MWD/MT                                    *
  14    0 IRP  *  IRP 200.0 37.5 2 3 4 0 BURNUP=7,500 MWD/MT                                    *
  15    0 IRP  *  IRP 300.0 37.5 3 4 4 0 BURNUP=11,250 MWD/MT                                   *
  16    0 IRP  *  IRP 400.0 37.5 4 5 4 0 BURNUP=15,000 MWD/MT                                   *
  17    0 DEC  *  DEC 500.0      5 6 4 0 DECAY FOR 100.0 DAYS                                   *
  18    0 DEC  *  DEC 4150.0     6 7 4 0 DECAY FOR 10 YEARS                                     *
  19    0 DEC  *  DEC 73500.0    7 8 4 0 DECAY FOR 200.0 YEARS                                  *
  20    0 BUP  *  BUP                                                                           *
  21    0 OPTL *  OPTL 24*8                                                                     *
  22    0 OPTA *  OPTA 4*8 5 19*8                                                               *
  23    0 OPTF *  OPTF 4*8 5 19*8                                                               *
  24    0 OUT  *  OUT     8   1  -1   0                                                         *
  25    0 END  *  END                                                                           *
